2026-04-10 16:31:52.088 [vert.x-worker-thread-0] INFO  work.ganglia.infrastructure.internal.memory.SqliteConnectionManager - SQLite schema initialized at :memory:
2026-04-10 16:31:52.095 [vert.x-worker-thread-1] DEBUG work.ganglia.infrastructure.internal.memory.SqliteDailyRecordManager - Recorded daily entry for session: s1
2026-04-10 16:31:52.095 [vert.x-worker-thread-2] DEBUG work.ganglia.infrastructure.internal.memory.SqliteDailyRecordManager - Recorded daily entry for session: s2
2026-04-10 16:31:52.114 [vert.x-worker-thread-0] INFO  work.ganglia.infrastructure.internal.memory.SqliteConnectionManager - SQLite schema initialized at :memory:
2026-04-10 16:31:52.114 [vert.x-worker-thread-1] DEBUG work.ganglia.infrastructure.internal.memory.SqliteDailyRecordManager - Recorded daily entry for session: s1
2026-04-10 16:31:52.133 [vert.x-worker-thread-0] INFO  work.ganglia.infrastructure.internal.memory.SqliteConnectionManager - SQLite schema initialized at :memory:
2026-04-10 16:31:52.135 [vert.x-worker-thread-1] DEBUG work.ganglia.infrastructure.internal.memory.SqliteSessionStore - Saved session: s1
2026-04-10 16:31:52.135 [vert.x-worker-thread-2] DEBUG work.ganglia.infrastructure.internal.memory.SqliteSessionStore - Saved session: s2
2026-04-10 16:31:52.144 [vert.x-worker-thread-0] INFO  work.ganglia.infrastructure.internal.memory.SqliteConnectionManager - SQLite schema initialized at :memory:
2026-04-10 16:31:52.151 [vert.x-worker-thread-0] INFO  work.ganglia.infrastructure.internal.memory.SqliteConnectionManager - SQLite schema initialized at :memory:
2026-04-10 16:31:52.152 [vert.x-worker-thread-1] DEBUG work.ganglia.infrastructure.internal.memory.SqliteSessionStore - Saved session: s1
2026-04-10 16:31:52.152 [vert.x-worker-thread-2] DEBUG work.ganglia.infrastructure.internal.memory.SqliteSessionStore - Saved session: s2
2026-04-10 16:31:52.159 [vert.x-worker-thread-0] INFO  work.ganglia.infrastructure.internal.memory.SqliteConnectionManager - SQLite schema initialized at :memory:
2026-04-10 16:31:52.159 [vert.x-worker-thread-1] DEBUG work.ganglia.infrastructure.internal.memory.SqliteSessionStore - Saved session: s1
2026-04-10 16:31:52.160 [vert.x-worker-thread-2] DEBUG work.ganglia.infrastructure.internal.memory.SqliteSessionStore - Saved session: s1
2026-04-10 16:31:52.166 [vert.x-worker-thread-0] INFO  work.ganglia.infrastructure.internal.memory.SqliteConnectionManager - SQLite schema initialized at :memory:
2026-04-10 16:31:52.166 [vert.x-worker-thread-1] DEBUG work.ganglia.infrastructure.internal.memory.SqliteSessionStore - Saved session: s1
2026-04-10 16:31:52.178 [vert.x-worker-thread-0] INFO  work.ganglia.infrastructure.internal.memory.SqliteConnectionManager - SQLite schema initialized at :memory:
2026-04-10 16:31:52.179 [vert.x-worker-thread-1] DEBUG work.ganglia.infrastructure.internal.memory.SqliteMemoryStore - Stored memory entry: e1
2026-04-10 16:31:52.179 [vert.x-worker-thread-2] DEBUG work.ganglia.infrastructure.internal.memory.SqliteMemoryStore - Stored memory entry: e2
2026-04-10 16:31:52.185 [vert.x-worker-thread-0] INFO  work.ganglia.infrastructure.internal.memory.SqliteConnectionManager - SQLite schema initialized at :memory:
2026-04-10 16:31:52.190 [vert.x-worker-thread-0] INFO  work.ganglia.infrastructure.internal.memory.SqliteConnectionManager - SQLite schema initialized at :memory:
2026-04-10 16:31:52.197 [vert.x-worker-thread-0] INFO  work.ganglia.infrastructure.internal.memory.SqliteConnectionManager - SQLite schema initialized at :memory:
2026-04-10 16:31:52.281 [vert.x-worker-thread-1] DEBUG work.ganglia.infrastructure.internal.memory.SqliteMemoryStore - Stored memory entry: e1
2026-04-10 16:31:52.296 [vert.x-worker-thread-0] INFO  work.ganglia.infrastructure.internal.memory.SqliteConnectionManager - SQLite schema initialized at :memory:
2026-04-10 16:31:52.297 [vert.x-worker-thread-1] DEBUG work.ganglia.infrastructure.internal.memory.SqliteMemoryStore - Stored memory entry: e1
2026-04-10 16:31:52.297 [vert.x-worker-thread-2] DEBUG work.ganglia.infrastructure.internal.memory.SqliteMemoryStore - Stored memory entry: e2
2026-04-10 16:31:52.303 [vert.x-worker-thread-0] INFO  work.ganglia.infrastructure.internal.memory.SqliteConnectionManager - SQLite schema initialized at :memory:
2026-04-10 16:31:52.304 [vert.x-worker-thread-1] DEBUG work.ganglia.infrastructure.internal.memory.SqliteMemoryStore - Stored memory entry: e1
2026-04-10 16:31:52.304 [vert.x-worker-thread-2] DEBUG work.ganglia.infrastructure.internal.memory.SqliteMemoryStore - Stored memory entry: e1
2026-04-10 16:31:52.309 [vert.x-worker-thread-0] INFO  work.ganglia.infrastructure.internal.memory.SqliteConnectionManager - SQLite schema initialized at :memory:
2026-04-10 16:31:52.314 [vert.x-worker-thread-0] INFO  work.ganglia.infrastructure.internal.memory.SqliteConnectionManager - SQLite schema initialized at :memory:
2026-04-10 16:31:52.315 [vert.x-worker-thread-1] DEBUG work.ganglia.infrastructure.internal.memory.SqliteMemoryStore - Stored memory entry: e1
2026-04-10 16:31:52.315 [vert.x-worker-thread-2] DEBUG work.ganglia.infrastructure.internal.memory.SqliteMemoryStore - Stored memory entry: e2
2026-04-10 16:31:52.323 [vert.x-worker-thread-0] INFO  work.ganglia.infrastructure.internal.memory.SqliteConnectionManager - SQLite schema initialized at :memory:
2026-04-10 16:31:52.324 [vert.x-worker-thread-1] DEBUG work.ganglia.infrastructure.internal.memory.SqliteTimelineLedger - Appended timeline event: evt1
2026-04-10 16:31:52.325 [vert.x-worker-thread-2] DEBUG work.ganglia.infrastructure.internal.memory.SqliteTimelineLedger - Appended timeline event: evt2
2026-04-10 16:31:52.332 [vert.x-worker-thread-0] INFO  work.ganglia.infrastructure.internal.memory.SqliteConnectionManager - SQLite schema initialized at :memory:
2026-04-10 16:31:52.333 [vert.x-worker-thread-1] DEBUG work.ganglia.infrastructure.internal.memory.SqliteTimelineLedger - Appended timeline event: evt1
2026-04-10 16:31:52.338 [vert.x-worker-thread-0] INFO  work.ganglia.infrastructure.internal.memory.SqliteConnectionManager - SQLite schema initialized at :memory:
2026-04-10 16:31:52.338 [vert.x-worker-thread-1] DEBUG work.ganglia.infrastructure.internal.memory.SqliteTimelineLedger - Appended timeline event: evt1
2026-04-10 16:31:52.339 [vert.x-worker-thread-2] DEBUG work.ganglia.infrastructure.internal.memory.SqliteTimelineLedger - Appended timeline event: evt2
2026-04-10 16:31:52.347 [vert.x-worker-thread-0] INFO  work.ganglia.infrastructure.internal.memory.SqliteConnectionManager - SQLite schema initialized at :memory:
2026-04-10 16:31:52.348 [vert.x-worker-thread-1] DEBUG work.ganglia.infrastructure.internal.memory.SqliteLongTermMemory - Ensured topic initialized: user-profile
2026-04-10 16:31:52.353 [vert.x-worker-thread-0] INFO  work.ganglia.infrastructure.internal.memory.SqliteConnectionManager - SQLite schema initialized at :memory:
2026-04-10 16:31:52.354 [vert.x-worker-thread-1] DEBUG work.ganglia.infrastructure.internal.memory.SqliteLongTermMemory - Ensured topic initialized: project
2026-04-10 16:31:52.354 [vert.x-worker-thread-2] DEBUG work.ganglia.infrastructure.internal.memory.SqliteLongTermMemory - Appended to topic: project
2026-04-10 16:31:52.358 [vert.x-worker-thread-0] INFO  work.ganglia.infrastructure.internal.memory.SqliteConnectionManager - SQLite schema initialized at :memory:
2026-04-10 16:31:52.359 [vert.x-worker-thread-1] DEBUG work.ganglia.infrastructure.internal.memory.SqliteLongTermMemory - Ensured topic initialized: project
2026-04-10 16:31:52.359 [vert.x-worker-thread-2] DEBUG work.ganglia.infrastructure.internal.memory.SqliteLongTermMemory - Replaced content for topic: project
2026-04-10 16:31:52.364 [vert.x-worker-thread-0] INFO  work.ganglia.infrastructure.internal.memory.SqliteConnectionManager - SQLite schema initialized at :memory:
2026-04-10 16:31:52.364 [vert.x-worker-thread-1] DEBUG work.ganglia.infrastructure.internal.memory.SqliteLongTermMemory - Ensured topic initialized: project
2026-04-10 16:31:52.368 [vert.x-worker-thread-0] INFO  work.ganglia.infrastructure.internal.memory.SqliteConnectionManager - SQLite schema initialized at :memory:
2026-04-10 16:31:52.368 [vert.x-worker-thread-1] DEBUG work.ganglia.infrastructure.internal.memory.SqliteLongTermMemory - Ensured topic initialized: project
2026-04-10 16:31:52.368 [vert.x-worker-thread-2] DEBUG work.ganglia.infrastructure.internal.memory.SqliteLongTermMemory - Appended to topic: project
2026-04-10 16:31:52.369 [vert.x-worker-thread-3] DEBUG work.ganglia.infrastructure.internal.memory.SqliteLongTermMemory - Ensured topic initialized: project
2026-04-10 16:31:52.372 [vert.x-worker-thread-0] INFO  work.ganglia.infrastructure.internal.memory.SqliteConnectionManager - SQLite schema initialized at :memory:
2026-04-10 16:31:52.377 [vert.x-worker-thread-0] INFO  work.ganglia.infrastructure.internal.memory.SqliteConnectionManager - SQLite schema initialized at :memory:
2026-04-10 16:31:52.378 [vert.x-worker-thread-1] DEBUG work.ganglia.infrastructure.internal.memory.SqliteLongTermMemory - Ensured topic initialized: project
2026-04-10 16:31:52.378 [vert.x-worker-thread-2] DEBUG work.ganglia.infrastructure.internal.memory.SqliteLongTermMemory - Replaced content for topic: project
2026-04-10 16:47:06.043 [vert.x-worker-thread-0] INFO  work.ganglia.infrastructure.internal.memory.SqliteConnectionManager - SQLite schema initialized at :memory:
2026-04-10 16:47:06.050 [vert.x-worker-thread-1] DEBUG work.ganglia.infrastructure.internal.memory.SqliteDailyRecordManager - Recorded daily entry for session: s1
2026-04-10 16:47:06.051 [vert.x-worker-thread-2] DEBUG work.ganglia.infrastructure.internal.memory.SqliteDailyRecordManager - Recorded daily entry for session: s2
2026-04-10 16:47:06.071 [vert.x-worker-thread-0] INFO  work.ganglia.infrastructure.internal.memory.SqliteConnectionManager - SQLite schema initialized at :memory:
2026-04-10 16:47:06.072 [vert.x-worker-thread-1] DEBUG work.ganglia.infrastructure.internal.memory.SqliteDailyRecordManager - Recorded daily entry for session: s1
2026-04-10 16:47:06.097 [vert.x-worker-thread-0] INFO  work.ganglia.infrastructure.internal.memory.SqliteConnectionManager - SQLite schema initialized at :memory:
2026-04-10 16:47:06.099 [vert.x-worker-thread-1] DEBUG work.ganglia.infrastructure.internal.memory.SqliteSessionStore - Saved session: s1
2026-04-10 16:47:06.099 [vert.x-worker-thread-2] DEBUG work.ganglia.infrastructure.internal.memory.SqliteSessionStore - Saved session: s2
2026-04-10 16:47:06.107 [vert.x-worker-thread-0] INFO  work.ganglia.infrastructure.internal.memory.SqliteConnectionManager - SQLite schema initialized at :memory:
2026-04-10 16:47:06.114 [vert.x-worker-thread-0] INFO  work.ganglia.infrastructure.internal.memory.SqliteConnectionManager - SQLite schema initialized at :memory:
2026-04-10 16:47:06.114 [vert.x-worker-thread-1] DEBUG work.ganglia.infrastructure.internal.memory.SqliteSessionStore - Saved session: s1
2026-04-10 16:47:06.114 [vert.x-worker-thread-2] DEBUG work.ganglia.infrastructure.internal.memory.SqliteSessionStore - Saved session: s2
2026-04-10 16:47:06.120 [vert.x-worker-thread-0] INFO  work.ganglia.infrastructure.internal.memory.SqliteConnectionManager - SQLite schema initialized at :memory:
2026-04-10 16:47:06.121 [vert.x-worker-thread-1] DEBUG work.ganglia.infrastructure.internal.memory.SqliteSessionStore - Saved session: s1
2026-04-10 16:47:06.121 [vert.x-worker-thread-2] DEBUG work.ganglia.infrastructure.internal.memory.SqliteSessionStore - Saved session: s1
2026-04-10 16:47:06.127 [vert.x-worker-thread-0] INFO  work.ganglia.infrastructure.internal.memory.SqliteConnectionManager - SQLite schema initialized at :memory:
2026-04-10 16:47:06.127 [vert.x-worker-thread-1] DEBUG work.ganglia.infrastructure.internal.memory.SqliteSessionStore - Saved session: s1
2026-04-10 16:47:06.138 [vert.x-worker-thread-0] INFO  work.ganglia.infrastructure.internal.memory.SqliteConnectionManager - SQLite schema initialized at :memory:
2026-04-10 16:47:06.140 [vert.x-worker-thread-1] DEBUG work.ganglia.infrastructure.internal.memory.SqliteMemoryStore - Stored memory entry: e1
2026-04-10 16:47:06.140 [vert.x-worker-thread-2] DEBUG work.ganglia.infrastructure.internal.memory.SqliteMemoryStore - Stored memory entry: e2
2026-04-10 16:47:06.149 [vert.x-worker-thread-0] INFO  work.ganglia.infrastructure.internal.memory.SqliteConnectionManager - SQLite schema initialized at :memory:
2026-04-10 16:47:06.154 [vert.x-worker-thread-0] INFO  work.ganglia.infrastructure.internal.memory.SqliteConnectionManager - SQLite schema initialized at :memory:
2026-04-10 16:47:06.161 [vert.x-worker-thread-0] INFO  work.ganglia.infrastructure.internal.memory.SqliteConnectionManager - SQLite schema initialized at :memory:
2026-04-10 16:47:06.240 [vert.x-worker-thread-1] DEBUG work.ganglia.infrastructure.internal.memory.SqliteMemoryStore - Stored memory entry: e1
2026-04-10 16:47:06.256 [vert.x-worker-thread-0] INFO  work.ganglia.infrastructure.internal.memory.SqliteConnectionManager - SQLite schema initialized at :memory:
2026-04-10 16:47:06.257 [vert.x-worker-thread-1] DEBUG work.ganglia.infrastructure.internal.memory.SqliteMemoryStore - Stored memory entry: e1
2026-04-10 16:47:06.257 [vert.x-worker-thread-2] DEBUG work.ganglia.infrastructure.internal.memory.SqliteMemoryStore - Stored memory entry: e2
2026-04-10 16:47:06.263 [vert.x-worker-thread-0] INFO  work.ganglia.infrastructure.internal.memory.SqliteConnectionManager - SQLite schema initialized at :memory:
2026-04-10 16:47:06.263 [vert.x-worker-thread-1] DEBUG work.ganglia.infrastructure.internal.memory.SqliteMemoryStore - Stored memory entry: e1
2026-04-10 16:47:06.264 [vert.x-worker-thread-2] DEBUG work.ganglia.infrastructure.internal.memory.SqliteMemoryStore - Stored memory entry: e1
2026-04-10 16:47:06.269 [vert.x-worker-thread-0] INFO  work.ganglia.infrastructure.internal.memory.SqliteConnectionManager - SQLite schema initialized at :memory:
2026-04-10 16:47:06.277 [vert.x-worker-thread-0] INFO  work.ganglia.infrastructure.internal.memory.SqliteConnectionManager - SQLite schema initialized at :memory:
2026-04-10 16:47:06.278 [vert.x-worker-thread-1] DEBUG work.ganglia.infrastructure.internal.memory.SqliteMemoryStore - Stored memory entry: e1
2026-04-10 16:47:06.278 [vert.x-worker-thread-2] DEBUG work.ganglia.infrastructure.internal.memory.SqliteMemoryStore - Stored memory entry: e2
2026-04-10 16:47:06.287 [vert.x-worker-thread-0] INFO  work.ganglia.infrastructure.internal.memory.SqliteConnectionManager - SQLite schema initialized at :memory:
2026-04-10 16:47:06.288 [vert.x-worker-thread-1] DEBUG work.ganglia.infrastructure.internal.memory.SqliteTimelineLedger - Appended timeline event: evt1
2026-04-10 16:47:06.289 [vert.x-worker-thread-2] DEBUG work.ganglia.infrastructure.internal.memory.SqliteTimelineLedger - Appended timeline event: evt2
2026-04-10 16:47:06.294 [vert.x-worker-thread-0] INFO  work.ganglia.infrastructure.internal.memory.SqliteConnectionManager - SQLite schema initialized at :memory:
2026-04-10 16:47:06.295 [vert.x-worker-thread-1] DEBUG work.ganglia.infrastructure.internal.memory.SqliteTimelineLedger - Appended timeline event: evt1
2026-04-10 16:47:06.299 [vert.x-worker-thread-0] INFO  work.ganglia.infrastructure.internal.memory.SqliteConnectionManager - SQLite schema initialized at :memory:
2026-04-10 16:47:06.300 [vert.x-worker-thread-1] DEBUG work.ganglia.infrastructure.internal.memory.SqliteTimelineLedger - Appended timeline event: evt1
2026-04-10 16:47:06.300 [vert.x-worker-thread-2] DEBUG work.ganglia.infrastructure.internal.memory.SqliteTimelineLedger - Appended timeline event: evt2
2026-04-10 16:47:06.307 [vert.x-worker-thread-0] INFO  work.ganglia.infrastructure.internal.memory.SqliteConnectionManager - SQLite schema initialized at :memory:
2026-04-10 16:47:06.308 [vert.x-worker-thread-1] DEBUG work.ganglia.infrastructure.internal.memory.SqliteLongTermMemory - Ensured topic initialized: user-profile
2026-04-10 16:47:06.313 [vert.x-worker-thread-0] INFO  work.ganglia.infrastructure.internal.memory.SqliteConnectionManager - SQLite schema initialized at :memory:
2026-04-10 16:47:06.313 [vert.x-worker-thread-1] DEBUG work.ganglia.infrastructure.internal.memory.SqliteLongTermMemory - Ensured topic initialized: project
2026-04-10 16:47:06.314 [vert.x-worker-thread-2] DEBUG work.ganglia.infrastructure.internal.memory.SqliteLongTermMemory - Appended to topic: project
2026-04-10 16:47:06.318 [vert.x-worker-thread-0] INFO  work.ganglia.infrastructure.internal.memory.SqliteConnectionManager - SQLite schema initialized at :memory:
2026-04-10 16:47:06.318 [vert.x-worker-thread-1] DEBUG work.ganglia.infrastructure.internal.memory.SqliteLongTermMemory - Ensured topic initialized: project
2026-04-10 16:47:06.318 [vert.x-worker-thread-2] DEBUG work.ganglia.infrastructure.internal.memory.SqliteLongTermMemory - Replaced content for topic: project
2026-04-10 16:47:06.325 [vert.x-worker-thread-0] INFO  work.ganglia.infrastructure.internal.memory.SqliteConnectionManager - SQLite schema initialized at :memory:
2026-04-10 16:47:06.326 [vert.x-worker-thread-1] DEBUG work.ganglia.infrastructure.internal.memory.SqliteLongTermMemory - Ensured topic initialized: project
2026-04-10 16:47:06.331 [vert.x-worker-thread-0] INFO  work.ganglia.infrastructure.internal.memory.SqliteConnectionManager - SQLite schema initialized at :memory:
2026-04-10 16:47:06.331 [vert.x-worker-thread-1] DEBUG work.ganglia.infrastructure.internal.memory.SqliteLongTermMemory - Ensured topic initialized: project
2026-04-10 16:47:06.332 [vert.x-worker-thread-2] DEBUG work.ganglia.infrastructure.internal.memory.SqliteLongTermMemory - Appended to topic: project
2026-04-10 16:47:06.332 [vert.x-worker-thread-3] DEBUG work.ganglia.infrastructure.internal.memory.SqliteLongTermMemory - Ensured topic initialized: project
2026-04-10 16:47:06.337 [vert.x-worker-thread-0] INFO  work.ganglia.infrastructure.internal.memory.SqliteConnectionManager - SQLite schema initialized at :memory:
2026-04-10 16:47:06.342 [vert.x-worker-thread-0] INFO  work.ganglia.infrastructure.internal.memory.SqliteConnectionManager - SQLite schema initialized at :memory:
2026-04-10 16:47:06.343 [vert.x-worker-thread-1] DEBUG work.ganglia.infrastructure.internal.memory.SqliteLongTermMemory - Ensured topic initialized: project
2026-04-10 16:47:06.343 [vert.x-worker-thread-2] DEBUG work.ganglia.infrastructure.internal.memory.SqliteLongTermMemory - Replaced content for topic: project
2026-04-10 17:01:42.083 [vert.x-worker-thread-0] INFO  work.ganglia.infrastructure.internal.memory.SqliteConnectionManager - Applying migration V1: init schema
2026-04-10 17:01:42.088 [vert.x-worker-thread-0] INFO  work.ganglia.infrastructure.internal.memory.SqliteConnectionManager - SQLite schema migrated to v1 at :memory:
2026-04-10 17:01:42.092 [vert.x-worker-thread-1] DEBUG work.ganglia.infrastructure.internal.memory.SqliteDailyRecordManager - Recorded daily entry for session: s1
2026-04-10 17:01:42.092 [vert.x-worker-thread-2] DEBUG work.ganglia.infrastructure.internal.memory.SqliteDailyRecordManager - Recorded daily entry for session: s2
2026-04-10 17:01:42.112 [vert.x-worker-thread-0] INFO  work.ganglia.infrastructure.internal.memory.SqliteConnectionManager - Applying migration V1: init schema
2026-04-10 17:01:42.113 [vert.x-worker-thread-0] INFO  work.ganglia.infrastructure.internal.memory.SqliteConnectionManager - SQLite schema migrated to v1 at :memory:
2026-04-10 17:01:42.114 [vert.x-worker-thread-1] DEBUG work.ganglia.infrastructure.internal.memory.SqliteDailyRecordManager - Recorded daily entry for session: s1
2026-04-10 17:01:42.135 [vert.x-worker-thread-0] INFO  work.ganglia.infrastructure.internal.memory.SqliteConnectionManager - Applying migration V1: init schema
2026-04-10 17:01:42.137 [vert.x-worker-thread-0] INFO  work.ganglia.infrastructure.internal.memory.SqliteConnectionManager - SQLite schema migrated to v1 at :memory:
2026-04-10 17:01:42.139 [vert.x-worker-thread-1] DEBUG work.ganglia.infrastructure.internal.memory.SqliteSessionStore - Saved session: s1
2026-04-10 17:01:42.140 [vert.x-worker-thread-2] DEBUG work.ganglia.infrastructure.internal.memory.SqliteSessionStore - Saved session: s1
2026-04-10 17:01:42.149 [vert.x-worker-thread-0] INFO  work.ganglia.infrastructure.internal.memory.SqliteConnectionManager - Applying migration V1: init schema
2026-04-10 17:01:42.150 [vert.x-worker-thread-0] INFO  work.ganglia.infrastructure.internal.memory.SqliteConnectionManager - SQLite schema migrated to v1 at :memory:
2026-04-10 17:01:42.151 [vert.x-worker-thread-1] DEBUG work.ganglia.infrastructure.internal.memory.SqliteSessionStore - Saved session: s1
2026-04-10 17:01:42.152 [vert.x-worker-thread-2] DEBUG work.ganglia.infrastructure.internal.memory.SqliteSessionStore - Saved session: s2
2026-04-10 17:01:42.159 [vert.x-worker-thread-0] INFO  work.ganglia.infrastructure.internal.memory.SqliteConnectionManager - Applying migration V1: init schema
2026-04-10 17:01:42.160 [vert.x-worker-thread-0] INFO  work.ganglia.infrastructure.internal.memory.SqliteConnectionManager - SQLite schema migrated to v1 at :memory:
2026-04-10 17:01:42.161 [vert.x-worker-thread-1] DEBUG work.ganglia.infrastructure.internal.memory.SqliteSessionStore - Saved session: s1
2026-04-10 17:01:42.168 [vert.x-worker-thread-0] INFO  work.ganglia.infrastructure.internal.memory.SqliteConnectionManager - Applying migration V1: init schema
2026-04-10 17:01:42.169 [vert.x-worker-thread-0] INFO  work.ganglia.infrastructure.internal.memory.SqliteConnectionManager - SQLite schema migrated to v1 at :memory:
2026-04-10 17:01:42.177 [vert.x-worker-thread-0] INFO  work.ganglia.infrastructure.internal.memory.SqliteConnectionManager - Applying migration V1: init schema
2026-04-10 17:01:42.178 [vert.x-worker-thread-0] INFO  work.ganglia.infrastructure.internal.memory.SqliteConnectionManager - SQLite schema migrated to v1 at :memory:
2026-04-10 17:01:42.178 [vert.x-worker-thread-1] DEBUG work.ganglia.infrastructure.internal.memory.SqliteSessionStore - Saved session: s1
2026-04-10 17:01:42.178 [vert.x-worker-thread-2] DEBUG work.ganglia.infrastructure.internal.memory.SqliteSessionStore - Saved session: s2
2026-04-10 17:01:42.184 [vert.x-worker-thread-0] INFO  work.ganglia.infrastructure.internal.memory.SqliteConnectionManager - Applying migration V1: init schema
2026-04-10 17:01:42.185 [vert.x-worker-thread-0] INFO  work.ganglia.infrastructure.internal.memory.SqliteConnectionManager - SQLite schema migrated to v1 at :memory:
2026-04-10 17:01:42.186 [vert.x-worker-thread-1] DEBUG work.ganglia.infrastructure.internal.memory.SqliteSessionStore - Saved session: s1
2026-04-10 17:01:42.195 [vert.x-worker-thread-0] INFO  work.ganglia.infrastructure.internal.memory.SqliteConnectionManager - Applying migration V1: init schema
2026-04-10 17:01:42.196 [vert.x-worker-thread-0] INFO  work.ganglia.infrastructure.internal.memory.SqliteConnectionManager - SQLite schema migrated to v1 at :memory:
2026-04-10 17:01:42.196 [vert.x-worker-thread-1] DEBUG work.ganglia.infrastructure.internal.memory.SqliteSessionStore - Saved session: s1
2026-04-10 17:01:42.197 [vert.x-worker-thread-2] DEBUG work.ganglia.infrastructure.internal.memory.SqliteSessionStore - Saved session: s1
2026-04-10 17:01:42.203 [vert.x-worker-thread-0] INFO  work.ganglia.infrastructure.internal.memory.SqliteConnectionManager - Applying migration V1: init schema
2026-04-10 17:01:42.204 [vert.x-worker-thread-0] INFO  work.ganglia.infrastructure.internal.memory.SqliteConnectionManager - SQLite schema migrated to v1 at :memory:
2026-04-10 17:01:42.205 [vert.x-worker-thread-1] DEBUG work.ganglia.infrastructure.internal.memory.SqliteSessionStore - Saved session: s1
2026-04-10 17:01:42.205 [vert.x-worker-thread-2] DEBUG work.ganglia.infrastructure.internal.memory.SqliteSessionStore - Saved session: s2
2026-04-10 17:01:42.212 [vert.x-worker-thread-0] INFO  work.ganglia.infrastructure.internal.memory.SqliteConnectionManager - Applying migration V1: init schema
2026-04-10 17:01:42.213 [vert.x-worker-thread-0] INFO  work.ganglia.infrastructure.internal.memory.SqliteConnectionManager - SQLite schema migrated to v1 at :memory:
2026-04-10 17:01:42.213 [vert.x-worker-thread-1] DEBUG work.ganglia.infrastructure.internal.memory.SqliteSessionStore - Saved session: s1
2026-04-10 17:01:42.222 [vert.x-worker-thread-0] INFO  work.ganglia.infrastructure.internal.memory.SqliteConnectionManager - Applying migration V1: init schema
2026-04-10 17:01:42.223 [vert.x-worker-thread-0] INFO  work.ganglia.infrastructure.internal.memory.SqliteConnectionManager - SQLite schema migrated to v1 at :memory:
2026-04-10 17:01:42.236 [vert.x-worker-thread-0] INFO  work.ganglia.infrastructure.internal.memory.SqliteConnectionManager - Applying migration V1: init schema
2026-04-10 17:01:42.237 [vert.x-worker-thread-0] INFO  work.ganglia.infrastructure.internal.memory.SqliteConnectionManager - SQLite schema migrated to v1 at :memory:
2026-04-10 17:01:42.237 [vert.x-worker-thread-1] DEBUG work.ganglia.infrastructure.internal.memory.SqliteConnectionManager - SQLite schema up to date (v1) at :memory:
2026-04-10 17:01:42.243 [vert.x-worker-thread-0] INFO  work.ganglia.infrastructure.internal.memory.SqliteConnectionManager - Applying migration V1: init schema
2026-04-10 17:01:42.244 [vert.x-worker-thread-0] INFO  work.ganglia.infrastructure.internal.memory.SqliteConnectionManager - SQLite schema migrated to v1 at :memory:
2026-04-10 17:01:42.255 [vert.x-worker-thread-0] INFO  work.ganglia.infrastructure.internal.memory.SqliteConnectionManager - Applying migration V1: init schema
2026-04-10 17:01:42.256 [vert.x-worker-thread-0] INFO  work.ganglia.infrastructure.internal.memory.SqliteConnectionManager - SQLite schema migrated to v1 at :memory:
2026-04-10 17:01:42.257 [vert.x-worker-thread-1] DEBUG work.ganglia.infrastructure.internal.memory.SqliteMemoryStore - Stored memory entry: e1
2026-04-10 17:01:42.257 [vert.x-worker-thread-2] DEBUG work.ganglia.infrastructure.internal.memory.SqliteMemoryStore - Stored memory entry: e2
2026-04-10 17:01:42.265 [vert.x-worker-thread-0] INFO  work.ganglia.infrastructure.internal.memory.SqliteConnectionManager - Applying migration V1: init schema
2026-04-10 17:01:42.265 [vert.x-worker-thread-0] INFO  work.ganglia.infrastructure.internal.memory.SqliteConnectionManager - SQLite schema migrated to v1 at :memory:
2026-04-10 17:01:42.271 [vert.x-worker-thread-0] INFO  work.ganglia.infrastructure.internal.memory.SqliteConnectionManager - Applying migration V1: init schema
2026-04-10 17:01:42.272 [vert.x-worker-thread-0] INFO  work.ganglia.infrastructure.internal.memory.SqliteConnectionManager - SQLite schema migrated to v1 at :memory:
2026-04-10 17:01:42.276 [vert.x-worker-thread-0] INFO  work.ganglia.infrastructure.internal.memory.SqliteConnectionManager - Applying migration V1: init schema
2026-04-10 17:01:42.277 [vert.x-worker-thread-0] INFO  work.ganglia.infrastructure.internal.memory.SqliteConnectionManager - SQLite schema migrated to v1 at :memory:
2026-04-10 17:01:42.360 [vert.x-worker-thread-1] DEBUG work.ganglia.infrastructure.internal.memory.SqliteMemoryStore - Stored memory entry: e1
2026-04-10 17:01:42.377 [vert.x-worker-thread-0] INFO  work.ganglia.infrastructure.internal.memory.SqliteConnectionManager - Applying migration V1: init schema
2026-04-10 17:01:42.378 [vert.x-worker-thread-0] INFO  work.ganglia.infrastructure.internal.memory.SqliteConnectionManager - SQLite schema migrated to v1 at :memory:
2026-04-10 17:01:42.379 [vert.x-worker-thread-1] DEBUG work.ganglia.infrastructure.internal.memory.SqliteMemoryStore - Stored memory entry: e1
2026-04-10 17:01:42.379 [vert.x-worker-thread-2] DEBUG work.ganglia.infrastructure.internal.memory.SqliteMemoryStore - Stored memory entry: e2
2026-04-10 17:01:42.384 [vert.x-worker-thread-0] INFO  work.ganglia.infrastructure.internal.memory.SqliteConnectionManager - Applying migration V1: init schema
2026-04-10 17:01:42.385 [vert.x-worker-thread-0] INFO  work.ganglia.infrastructure.internal.memory.SqliteConnectionManager - SQLite schema migrated to v1 at :memory:
2026-04-10 17:01:42.386 [vert.x-worker-thread-1] DEBUG work.ganglia.infrastructure.internal.memory.SqliteMemoryStore - Stored memory entry: e1
2026-04-10 17:01:42.386 [vert.x-worker-thread-2] DEBUG work.ganglia.infrastructure.internal.memory.SqliteMemoryStore - Stored memory entry: e1
2026-04-10 17:01:42.391 [vert.x-worker-thread-0] INFO  work.ganglia.infrastructure.internal.memory.SqliteConnectionManager - Applying migration V1: init schema
2026-04-10 17:01:42.392 [vert.x-worker-thread-0] INFO  work.ganglia.infrastructure.internal.memory.SqliteConnectionManager - SQLite schema migrated to v1 at :memory:
2026-04-10 17:01:42.400 [vert.x-worker-thread-0] INFO  work.ganglia.infrastructure.internal.memory.SqliteConnectionManager - Applying migration V1: init schema
2026-04-10 17:01:42.402 [vert.x-worker-thread-0] INFO  work.ganglia.infrastructure.internal.memory.SqliteConnectionManager - SQLite schema migrated to v1 at :memory:
2026-04-10 17:01:42.403 [vert.x-worker-thread-1] DEBUG work.ganglia.infrastructure.internal.memory.SqliteMemoryStore - Stored memory entry: e1
2026-04-10 17:01:42.403 [vert.x-worker-thread-2] DEBUG work.ganglia.infrastructure.internal.memory.SqliteMemoryStore - Stored memory entry: e2
2026-04-10 17:01:42.413 [vert.x-worker-thread-0] INFO  work.ganglia.infrastructure.internal.memory.SqliteConnectionManager - Applying migration V1: init schema
2026-04-10 17:01:42.414 [vert.x-worker-thread-0] INFO  work.ganglia.infrastructure.internal.memory.SqliteConnectionManager - SQLite schema migrated to v1 at :memory:
2026-04-10 17:01:42.416 [vert.x-worker-thread-1] DEBUG work.ganglia.infrastructure.internal.memory.SqliteTimelineLedger - Appended timeline event: evt1
2026-04-10 17:01:42.417 [vert.x-worker-thread-2] DEBUG work.ganglia.infrastructure.internal.memory.SqliteTimelineLedger - Appended timeline event: evt2
2026-04-10 17:01:42.423 [vert.x-worker-thread-0] INFO  work.ganglia.infrastructure.internal.memory.SqliteConnectionManager - Applying migration V1: init schema
2026-04-10 17:01:42.424 [vert.x-worker-thread-0] INFO  work.ganglia.infrastructure.internal.memory.SqliteConnectionManager - SQLite schema migrated to v1 at :memory:
2026-04-10 17:01:42.425 [vert.x-worker-thread-1] DEBUG work.ganglia.infrastructure.internal.memory.SqliteTimelineLedger - Appended timeline event: evt1
2026-04-10 17:01:42.431 [vert.x-worker-thread-0] INFO  work.ganglia.infrastructure.internal.memory.SqliteConnectionManager - Applying migration V1: init schema
2026-04-10 17:01:42.432 [vert.x-worker-thread-0] INFO  work.ganglia.infrastructure.internal.memory.SqliteConnectionManager - SQLite schema migrated to v1 at :memory:
2026-04-10 17:01:42.432 [vert.x-worker-thread-1] DEBUG work.ganglia.infrastructure.internal.memory.SqliteTimelineLedger - Appended timeline event: evt1
2026-04-10 17:01:42.432 [vert.x-worker-thread-2] DEBUG work.ganglia.infrastructure.internal.memory.SqliteTimelineLedger - Appended timeline event: evt2
2026-04-10 17:01:42.442 [vert.x-worker-thread-0] INFO  work.ganglia.infrastructure.internal.memory.SqliteConnectionManager - Applying migration V1: init schema
2026-04-10 17:01:42.443 [vert.x-worker-thread-0] INFO  work.ganglia.infrastructure.internal.memory.SqliteConnectionManager - SQLite schema migrated to v1 at :memory:
2026-04-10 17:01:42.444 [vert.x-worker-thread-1] DEBUG work.ganglia.infrastructure.internal.memory.SqliteLongTermMemory - Ensured topic initialized: user-profile
2026-04-10 17:01:42.451 [vert.x-worker-thread-0] INFO  work.ganglia.infrastructure.internal.memory.SqliteConnectionManager - Applying migration V1: init schema
2026-04-10 17:01:42.452 [vert.x-worker-thread-0] INFO  work.ganglia.infrastructure.internal.memory.SqliteConnectionManager - SQLite schema migrated to v1 at :memory:
2026-04-10 17:01:42.452 [vert.x-worker-thread-1] DEBUG work.ganglia.infrastructure.internal.memory.SqliteLongTermMemory - Ensured topic initialized: project
2026-04-10 17:01:42.453 [vert.x-worker-thread-2] DEBUG work.ganglia.infrastructure.internal.memory.SqliteLongTermMemory - Appended to topic: project
2026-04-10 17:01:42.459 [vert.x-worker-thread-0] INFO  work.ganglia.infrastructure.internal.memory.SqliteConnectionManager - Applying migration V1: init schema
2026-04-10 17:01:42.460 [vert.x-worker-thread-0] INFO  work.ganglia.infrastructure.internal.memory.SqliteConnectionManager - SQLite schema migrated to v1 at :memory:
2026-04-10 17:01:42.460 [vert.x-worker-thread-1] DEBUG work.ganglia.infrastructure.internal.memory.SqliteLongTermMemory - Ensured topic initialized: project
2026-04-10 17:01:42.461 [vert.x-worker-thread-2] DEBUG work.ganglia.infrastructure.internal.memory.SqliteLongTermMemory - Replaced content for topic: project
2026-04-10 17:01:42.466 [vert.x-worker-thread-0] INFO  work.ganglia.infrastructure.internal.memory.SqliteConnectionManager - Applying migration V1: init schema
2026-04-10 17:01:42.467 [vert.x-worker-thread-0] INFO  work.ganglia.infrastructure.internal.memory.SqliteConnectionManager - SQLite schema migrated to v1 at :memory:
2026-04-10 17:01:42.467 [vert.x-worker-thread-1] DEBUG work.ganglia.infrastructure.internal.memory.SqliteLongTermMemory - Ensured topic initialized: project
2026-04-10 17:01:42.471 [vert.x-worker-thread-0] INFO  work.ganglia.infrastructure.internal.memory.SqliteConnectionManager - Applying migration V1: init schema
2026-04-10 17:01:42.472 [vert.x-worker-thread-0] INFO  work.ganglia.infrastructure.internal.memory.SqliteConnectionManager - SQLite schema migrated to v1 at :memory:
2026-04-10 17:01:42.473 [vert.x-worker-thread-1] DEBUG work.ganglia.infrastructure.internal.memory.SqliteLongTermMemory - Ensured topic initialized: project
2026-04-10 17:01:42.473 [vert.x-worker-thread-2] DEBUG work.ganglia.infrastructure.internal.memory.SqliteLongTermMemory - Appended to topic: project
2026-04-10 17:01:42.473 [vert.x-worker-thread-3] DEBUG work.ganglia.infrastructure.internal.memory.SqliteLongTermMemory - Ensured topic initialized: project
2026-04-10 17:01:42.477 [vert.x-worker-thread-0] INFO  work.ganglia.infrastructure.internal.memory.SqliteConnectionManager - Applying migration V1: init schema
2026-04-10 17:01:42.477 [vert.x-worker-thread-0] INFO  work.ganglia.infrastructure.internal.memory.SqliteConnectionManager - SQLite schema migrated to v1 at :memory:
2026-04-10 17:01:42.484 [vert.x-worker-thread-0] INFO  work.ganglia.infrastructure.internal.memory.SqliteConnectionManager - Applying migration V1: init schema
2026-04-10 17:01:42.485 [vert.x-worker-thread-0] INFO  work.ganglia.infrastructure.internal.memory.SqliteConnectionManager - SQLite schema migrated to v1 at :memory:
2026-04-10 17:01:42.485 [vert.x-worker-thread-1] DEBUG work.ganglia.infrastructure.internal.memory.SqliteLongTermMemory - Ensured topic initialized: project
2026-04-10 17:01:42.485 [vert.x-worker-thread-2] DEBUG work.ganglia.infrastructure.internal.memory.SqliteLongTermMemory - Replaced content for topic: project
