2026-04-10 11:20:04.117 [vert.x-eventloop-thread-0] INFO  work.ganglia.util.FileSystemUtil - Creating directory: /var/folders/hq/68xf8zr13_18y558cmx_r5480000gp/T/junit-17050944767507365779/memory
2026-04-10 11:20:04.155 [vert.x-eventloop-thread-0] DEBUG work.ganglia.infrastructure.internal.memory.FileSystemDailyRecordManager - Daily record updated for session: session-1
2026-04-10 11:20:04.546 [main] INFO  work.ganglia.infrastructure.internal.memory.EventBusMemoryService - MemoryService registered on address: ganglia.memory.event
2026-04-10 11:20:04.548 [main] DEBUG work.ganglia.infrastructure.internal.memory.EventBusMemoryService - Registered MemoryModule: daily-journal
2026-04-10 11:20:04.576 [vert.x-eventloop-thread-0] DEBUG work.ganglia.infrastructure.internal.memory.EventBusMemoryService - Dispatching memory event TURN_COMPLETED for session: session-123
2026-04-10 11:20:04.585 [vert.x-eventloop-thread-0] INFO  work.ganglia.util.FileSystemUtil - Creating directory: target/test-memory
2026-04-10 11:20:04.586 [vert.x-eventloop-thread-0] DEBUG work.ganglia.infrastructure.internal.memory.FileSystemDailyRecordManager - Daily record updated for session: session-123
2026-04-10 11:20:04.586 [vert.x-eventloop-thread-0] DEBUG work.ganglia.infrastructure.internal.memory.EventBusMemoryService - Memory event TURN_COMPLETED completed for session: session-123
2026-04-10 11:20:04.683 [vert.x-eventloop-thread-0] DEBUG work.ganglia.infrastructure.internal.memory.FileSystemDailyRecordManager - Daily record updated for session: test-session
2026-04-10 11:20:04.699 [vert.x-eventloop-thread-0] DEBUG work.ganglia.infrastructure.internal.memory.MarkdownTimelineLedger - Appended event de110909-97b2-4201-930c-e1a12e72af6d to timeline
2026-04-10 11:20:04.710 [vert.x-eventloop-thread-0] INFO  work.ganglia.util.FileSystemUtil - Initializing file with default content: .ganglia/memory/MEMORY.md
2026-04-10 11:20:04.719 [vert.x-eventloop-thread-0] INFO  work.ganglia.util.FileSystemUtil - Initializing file with default content: target/TEST_MEMORY.md
2026-04-10 11:20:04.726 [vert.x-eventloop-thread-0] INFO  work.ganglia.util.FileSystemUtil - Initializing file with default content: target/TEST_MEMORY.md
2026-04-10 11:20:04.738 [main] INFO  work.ganglia.infrastructure.internal.memory.FileSystemMemoryStore - Loaded 0 memory entries into index
2026-04-10 11:20:04.746 [vert.x-eventloop-thread-0] DEBUG work.ganglia.infrastructure.internal.memory.FileSystemMemoryStore - Stored memory entry: 1
2026-04-10 11:20:04.747 [vert.x-eventloop-thread-0] DEBUG work.ganglia.infrastructure.internal.memory.FileSystemMemoryStore - Stored memory entry: 2
2026-04-10 11:20:04.760 [main] INFO  work.ganglia.infrastructure.internal.memory.FileSystemMemoryStore - Loaded 0 memory entries into index
2026-04-10 11:20:04.762 [vert.x-eventloop-thread-0] DEBUG work.ganglia.infrastructure.internal.memory.FileSystemMemoryStore - Stored memory entry: 624cac6a-116e-4fee-86da-1a503d834933
2026-04-10 11:20:04.771 [main] INFO  work.ganglia.infrastructure.internal.memory.FileSystemMemoryStore - Loaded 0 memory entries into index
2026-04-10 11:20:04.773 [vert.x-eventloop-thread-0] DEBUG work.ganglia.infrastructure.internal.memory.FileSystemMemoryStore - Stored memory entry: 1
2026-04-10 11:20:04.774 [vert.x-eventloop-thread-0] DEBUG work.ganglia.infrastructure.internal.memory.FileSystemMemoryStore - Stored memory entry: 2
2026-04-10 11:20:06.899 [vert.x-eventloop-thread-0] INFO  work.ganglia.util.FileSystemUtil - Initializing file with default content: target/TEST_MEMORY_TOOLS.md
2026-04-10 11:20:06.909 [vert.x-eventloop-thread-0] INFO  work.ganglia.util.FileSystemUtil - Initializing file with default content: target/TEST_MEMORY_TOOLS.md
2026-04-10 11:20:06.918 [vert.x-eventloop-thread-0] INFO  work.ganglia.util.FileSystemUtil - Initializing file with default content: target/TEST_MEMORY_TOOLS.md
2026-04-10 11:24:49.297 [vert.x-eventloop-thread-0] INFO  work.ganglia.util.FileSystemUtil - Creating directory: /var/folders/hq/68xf8zr13_18y558cmx_r5480000gp/T/junit-12759431314568021090/memory
2026-04-10 11:24:49.339 [vert.x-eventloop-thread-0] DEBUG work.ganglia.infrastructure.internal.memory.FileSystemDailyRecordManager - Daily record updated for session: session-1
2026-04-10 11:24:49.790 [main] INFO  work.ganglia.infrastructure.internal.memory.EventBusMemoryService - MemoryService registered on address: ganglia.memory.event
2026-04-10 11:24:49.791 [main] DEBUG work.ganglia.infrastructure.internal.memory.EventBusMemoryService - Registered MemoryModule: daily-journal
2026-04-10 11:24:49.826 [vert.x-eventloop-thread-0] DEBUG work.ganglia.infrastructure.internal.memory.EventBusMemoryService - Dispatching memory event TURN_COMPLETED for session: session-123
2026-04-10 11:24:49.835 [vert.x-eventloop-thread-0] INFO  work.ganglia.util.FileSystemUtil - Creating directory: target/test-memory
2026-04-10 11:24:49.837 [vert.x-eventloop-thread-0] DEBUG work.ganglia.infrastructure.internal.memory.FileSystemDailyRecordManager - Daily record updated for session: session-123
2026-04-10 11:24:49.837 [vert.x-eventloop-thread-0] DEBUG work.ganglia.infrastructure.internal.memory.EventBusMemoryService - Memory event TURN_COMPLETED completed for session: session-123
2026-04-10 11:24:49.956 [vert.x-eventloop-thread-0] DEBUG work.ganglia.infrastructure.internal.memory.FileSystemDailyRecordManager - Daily record updated for session: test-session
2026-04-10 11:24:49.972 [vert.x-eventloop-thread-0] DEBUG work.ganglia.infrastructure.internal.memory.MarkdownTimelineLedger - Appended event 56b768b7-77ea-491b-bd42-19ccd5316703 to timeline
2026-04-10 11:24:49.984 [vert.x-eventloop-thread-0] INFO  work.ganglia.util.FileSystemUtil - Initializing file with default content: .ganglia/memory/MEMORY.md
2026-04-10 11:24:49.991 [vert.x-eventloop-thread-0] INFO  work.ganglia.util.FileSystemUtil - Initializing file with default content: target/TEST_MEMORY.md
2026-04-10 11:24:49.999 [vert.x-eventloop-thread-0] INFO  work.ganglia.util.FileSystemUtil - Initializing file with default content: target/TEST_MEMORY.md
2026-04-10 11:24:50.010 [main] INFO  work.ganglia.infrastructure.internal.memory.FileSystemMemoryStore - Loaded 0 memory entries into index
2026-04-10 11:24:50.021 [vert.x-eventloop-thread-0] DEBUG work.ganglia.infrastructure.internal.memory.FileSystemMemoryStore - Stored memory entry: 1
2026-04-10 11:24:50.022 [vert.x-eventloop-thread-0] DEBUG work.ganglia.infrastructure.internal.memory.FileSystemMemoryStore - Stored memory entry: 2
2026-04-10 11:24:50.037 [main] INFO  work.ganglia.infrastructure.internal.memory.FileSystemMemoryStore - Loaded 0 memory entries into index
2026-04-10 11:24:50.039 [vert.x-eventloop-thread-0] DEBUG work.ganglia.infrastructure.internal.memory.FileSystemMemoryStore - Stored memory entry: b6d30684-3bb0-4ee9-9633-a5882a37928a
2026-04-10 11:24:50.050 [main] INFO  work.ganglia.infrastructure.internal.memory.FileSystemMemoryStore - Loaded 0 memory entries into index
2026-04-10 11:24:50.052 [vert.x-eventloop-thread-0] DEBUG work.ganglia.infrastructure.internal.memory.FileSystemMemoryStore - Stored memory entry: 1
2026-04-10 11:24:50.053 [vert.x-eventloop-thread-0] DEBUG work.ganglia.infrastructure.internal.memory.FileSystemMemoryStore - Stored memory entry: 2
2026-04-10 11:24:52.535 [vert.x-eventloop-thread-0] INFO  work.ganglia.util.FileSystemUtil - Initializing file with default content: target/TEST_MEMORY_TOOLS.md
2026-04-10 11:24:52.546 [vert.x-eventloop-thread-0] INFO  work.ganglia.util.FileSystemUtil - Initializing file with default content: target/TEST_MEMORY_TOOLS.md
2026-04-10 11:24:52.555 [vert.x-eventloop-thread-0] INFO  work.ganglia.util.FileSystemUtil - Initializing file with default content: target/TEST_MEMORY_TOOLS.md
2026-04-10 14:42:23.337 [vert.x-eventloop-thread-0] INFO  work.ganglia.util.FileSystemUtil - Initializing file with default content: /var/folders/hq/68xf8zr13_18y558cmx_r5480000gp/T/junit-6844176677818286733/MEMORY.md
2026-04-10 14:42:23.377 [vert.x-eventloop-thread-0] INFO  work.ganglia.util.FileSystemUtil - Initializing file with default content: /var/folders/hq/68xf8zr13_18y558cmx_r5480000gp/T/junit-7325775352999594152/USER.md
2026-04-10 14:42:23.386 [vert.x-eventloop-thread-0] INFO  work.ganglia.util.FileSystemUtil - Initializing file with default content: /var/folders/hq/68xf8zr13_18y558cmx_r5480000gp/T/junit-2903979953483528666/MEMORY.md
2026-04-10 14:42:23.423 [vert.x-eventloop-thread-0] INFO  work.ganglia.util.FileSystemUtil - Initializing file with default content: /var/folders/hq/68xf8zr13_18y558cmx_r5480000gp/T/junit-9663760903748320683/MEMORY.md
2026-04-10 14:42:23.424 [vert.x-eventloop-thread-0] INFO  work.ganglia.util.FileSystemUtil - Initializing file with default content: /var/folders/hq/68xf8zr13_18y558cmx_r5480000gp/T/junit-9663760903748320683/USER.md
2026-04-10 14:42:23.437 [vert.x-eventloop-thread-0] INFO  work.ganglia.util.FileSystemUtil - Initializing file with default content: /var/folders/hq/68xf8zr13_18y558cmx_r5480000gp/T/junit-13126481781091071903/USER.md
2026-04-10 14:42:23.454 [vert.x-eventloop-thread-0] INFO  work.ganglia.util.FileSystemUtil - Creating directory: /var/folders/hq/68xf8zr13_18y558cmx_r5480000gp/T/junit-7756731412897050894/memory
2026-04-10 14:42:23.456 [vert.x-eventloop-thread-0] DEBUG work.ganglia.infrastructure.internal.memory.FileSystemDailyRecordManager - Daily record updated for session: session-1
2026-04-10 14:42:23.872 [main] INFO  work.ganglia.infrastructure.internal.memory.EventBusMemoryService - MemoryService registered on address: ganglia.memory.event
2026-04-10 14:42:23.872 [main] DEBUG work.ganglia.infrastructure.internal.memory.EventBusMemoryService - Registered MemoryModule: daily-journal
2026-04-10 14:42:23.902 [vert.x-eventloop-thread-0] DEBUG work.ganglia.infrastructure.internal.memory.EventBusMemoryService - Dispatching memory event TURN_COMPLETED for session: session-123
2026-04-10 14:42:23.913 [vert.x-eventloop-thread-0] INFO  work.ganglia.util.FileSystemUtil - Creating directory: target/test-memory
2026-04-10 14:42:23.916 [vert.x-eventloop-thread-0] DEBUG work.ganglia.infrastructure.internal.memory.FileSystemDailyRecordManager - Daily record updated for session: session-123
2026-04-10 14:42:23.916 [vert.x-eventloop-thread-0] DEBUG work.ganglia.infrastructure.internal.memory.EventBusMemoryService - Memory event TURN_COMPLETED completed for session: session-123
2026-04-10 14:42:24.009 [vert.x-eventloop-thread-0] DEBUG work.ganglia.infrastructure.internal.memory.FileSystemDailyRecordManager - Daily record updated for session: test-session
2026-04-10 14:42:24.022 [vert.x-eventloop-thread-0] DEBUG work.ganglia.infrastructure.internal.memory.MarkdownTimelineLedger - Appended event 3e65e949-5804-44c6-b143-06ecffe53feb to timeline
2026-04-10 14:42:24.032 [vert.x-eventloop-thread-0] INFO  work.ganglia.util.FileSystemUtil - Initializing file with default content: .ganglia/memory/MEMORY.md
2026-04-10 14:42:24.039 [vert.x-eventloop-thread-0] INFO  work.ganglia.util.FileSystemUtil - Initializing file with default content: target/TEST_MEMORY.md
2026-04-10 14:42:24.050 [vert.x-eventloop-thread-0] INFO  work.ganglia.util.FileSystemUtil - Initializing file with default content: target/TEST_MEMORY.md
2026-04-10 14:42:24.059 [vert.x-eventloop-thread-0] INFO  work.ganglia.util.FileSystemUtil - Initializing file with default content: /var/folders/hq/68xf8zr13_18y558cmx_r5480000gp/T/junit-15236411934795372724/USER.md
2026-04-10 14:42:24.080 [vert.x-eventloop-thread-0] INFO  work.ganglia.util.FileSystemUtil - Initializing file with default content: /var/folders/hq/68xf8zr13_18y558cmx_r5480000gp/T/junit-10785211206574873109/USER.md
2026-04-10 14:42:24.090 [main] INFO  work.ganglia.infrastructure.internal.memory.FileSystemMemoryStore - Loaded 0 memory entries into index
2026-04-10 14:42:24.099 [vert.x-eventloop-thread-0] DEBUG work.ganglia.infrastructure.internal.memory.FileSystemMemoryStore - Stored memory entry: 1
2026-04-10 14:42:24.100 [vert.x-eventloop-thread-0] DEBUG work.ganglia.infrastructure.internal.memory.FileSystemMemoryStore - Stored memory entry: 2
2026-04-10 14:42:24.114 [main] INFO  work.ganglia.infrastructure.internal.memory.FileSystemMemoryStore - Loaded 0 memory entries into index
2026-04-10 14:42:24.117 [vert.x-eventloop-thread-0] DEBUG work.ganglia.infrastructure.internal.memory.FileSystemMemoryStore - Stored memory entry: beb3ba09-da1c-4792-8207-531cc0cada76
2026-04-10 14:42:24.125 [main] INFO  work.ganglia.infrastructure.internal.memory.FileSystemMemoryStore - Loaded 0 memory entries into index
2026-04-10 14:42:24.126 [vert.x-eventloop-thread-0] DEBUG work.ganglia.infrastructure.internal.memory.FileSystemMemoryStore - Stored memory entry: 1
2026-04-10 14:42:24.127 [vert.x-eventloop-thread-0] DEBUG work.ganglia.infrastructure.internal.memory.FileSystemMemoryStore - Stored memory entry: 2
2026-04-10 14:42:26.559 [vert.x-eventloop-thread-0] INFO  work.ganglia.util.FileSystemUtil - Initializing file with default content: target/TEST_MEMORY_TOOLS.md
2026-04-10 14:42:26.567 [vert.x-eventloop-thread-0] INFO  work.ganglia.util.FileSystemUtil - Initializing file with default content: target/TEST_MEMORY_TOOLS.md
2026-04-10 14:42:26.577 [vert.x-eventloop-thread-0] INFO  work.ganglia.util.FileSystemUtil - Initializing file with default content: target/TEST_MEMORY_TOOLS.md
2026-04-10 15:26:00.342 [vert.x-eventloop-thread-0] INFO  work.ganglia.util.FileSystemUtil - Initializing file with default content: /var/folders/hq/68xf8zr13_18y558cmx_r5480000gp/T/junit-4470208470637507815/MEMORY.md
2026-04-10 15:26:00.411 [vert.x-eventloop-thread-0] INFO  work.ganglia.util.FileSystemUtil - Initializing file with default content: /var/folders/hq/68xf8zr13_18y558cmx_r5480000gp/T/junit-4602309950129899616/USER.md
2026-04-10 15:26:00.421 [vert.x-eventloop-thread-0] INFO  work.ganglia.util.FileSystemUtil - Initializing file with default content: /var/folders/hq/68xf8zr13_18y558cmx_r5480000gp/T/junit-12345013207097231168/MEMORY.md
2026-04-10 15:26:00.451 [vert.x-eventloop-thread-0] INFO  work.ganglia.util.FileSystemUtil - Initializing file with default content: /var/folders/hq/68xf8zr13_18y558cmx_r5480000gp/T/junit-9121872443326034476/MEMORY.md
2026-04-10 15:26:00.452 [vert.x-eventloop-thread-0] INFO  work.ganglia.util.FileSystemUtil - Initializing file with default content: /var/folders/hq/68xf8zr13_18y558cmx_r5480000gp/T/junit-9121872443326034476/USER.md
2026-04-10 15:26:00.464 [vert.x-eventloop-thread-0] INFO  work.ganglia.util.FileSystemUtil - Initializing file with default content: /var/folders/hq/68xf8zr13_18y558cmx_r5480000gp/T/junit-16121228424947607549/USER.md
2026-04-10 15:26:00.488 [vert.x-eventloop-thread-0] INFO  work.ganglia.util.FileSystemUtil - Creating directory: /var/folders/hq/68xf8zr13_18y558cmx_r5480000gp/T/junit-7607619874871335192/memory
2026-04-10 15:26:00.491 [vert.x-eventloop-thread-0] DEBUG work.ganglia.infrastructure.internal.memory.FileSystemDailyRecordManager - Daily record updated for session: session-1
2026-04-10 15:26:00.844 [main] INFO  work.ganglia.infrastructure.internal.memory.EventBusMemoryService - MemoryService registered on address: ganglia.memory.event
2026-04-10 15:26:00.845 [main] DEBUG work.ganglia.infrastructure.internal.memory.EventBusMemoryService - Registered MemoryModule: daily-journal
2026-04-10 15:26:00.898 [vert.x-eventloop-thread-0] DEBUG work.ganglia.infrastructure.internal.memory.EventBusMemoryService - Dispatching memory event TURN_COMPLETED for session: session-123
2026-04-10 15:26:00.907 [vert.x-eventloop-thread-0] INFO  work.ganglia.util.FileSystemUtil - Creating directory: target/test-memory
2026-04-10 15:26:00.909 [vert.x-eventloop-thread-0] DEBUG work.ganglia.infrastructure.internal.memory.FileSystemDailyRecordManager - Daily record updated for session: session-123
2026-04-10 15:26:00.909 [vert.x-eventloop-thread-0] DEBUG work.ganglia.infrastructure.internal.memory.EventBusMemoryService - Memory event TURN_COMPLETED completed for session: session-123
2026-04-10 15:26:01.003 [vert.x-eventloop-thread-0] DEBUG work.ganglia.infrastructure.internal.memory.FileSystemDailyRecordManager - Daily record updated for session: test-session
2026-04-10 15:26:01.024 [vert.x-eventloop-thread-0] DEBUG work.ganglia.infrastructure.internal.memory.FileSystemSessionStore - Session saved: s1
2026-04-10 15:26:01.026 [vert.x-eventloop-thread-0] DEBUG work.ganglia.infrastructure.internal.memory.FileSystemSessionStore - Session saved: s2
2026-04-10 15:26:01.049 [vert.x-eventloop-thread-0] DEBUG work.ganglia.infrastructure.internal.memory.FileSystemSessionStore - Session saved: s1
2026-04-10 15:26:01.050 [vert.x-eventloop-thread-0] DEBUG work.ganglia.infrastructure.internal.memory.FileSystemSessionStore - Session saved: s1
2026-04-10 15:26:01.062 [vert.x-eventloop-thread-0] DEBUG work.ganglia.infrastructure.internal.memory.FileSystemSessionStore - Session saved: s1
2026-04-10 15:26:01.063 [vert.x-eventloop-thread-0] DEBUG work.ganglia.infrastructure.internal.memory.FileSystemSessionStore - Session saved: s2
2026-04-10 15:26:01.063 [vert.x-eventloop-thread-0] DEBUG work.ganglia.infrastructure.internal.memory.FileSystemSessionStore - Session saved: s3
2026-04-10 15:26:01.073 [vert.x-eventloop-thread-0] DEBUG work.ganglia.infrastructure.internal.memory.FileSystemSessionStore - Session saved: s1
2026-04-10 15:26:01.081 [vert.x-eventloop-thread-0] DEBUG work.ganglia.infrastructure.internal.memory.FileSystemSessionStore - Session saved: s1
2026-04-10 15:26:01.090 [vert.x-eventloop-thread-0] DEBUG work.ganglia.infrastructure.internal.memory.FileSystemSessionStore - Session saved: s1
2026-04-10 15:26:01.091 [vert.x-eventloop-thread-0] DEBUG work.ganglia.infrastructure.internal.memory.FileSystemSessionStore - Session saved: s2
2026-04-10 15:26:01.100 [vert.x-eventloop-thread-0] DEBUG work.ganglia.infrastructure.internal.memory.FileSystemSessionStore - Session saved: s1
2026-04-10 15:26:01.107 [vert.x-eventloop-thread-0] DEBUG work.ganglia.infrastructure.internal.memory.FileSystemSessionStore - Session saved: s1
2026-04-10 15:26:01.121 [vert.x-eventloop-thread-0] DEBUG work.ganglia.infrastructure.internal.memory.MarkdownTimelineLedger - Appended event 6b450aef-e068-44a8-9eab-29d7b01b2230 to timeline
2026-04-10 15:26:01.130 [vert.x-eventloop-thread-0] INFO  work.ganglia.util.FileSystemUtil - Initializing file with default content: .ganglia/memory/MEMORY.md
2026-04-10 15:26:01.135 [vert.x-eventloop-thread-0] INFO  work.ganglia.util.FileSystemUtil - Initializing file with default content: target/TEST_MEMORY.md
2026-04-10 15:26:01.140 [vert.x-eventloop-thread-0] INFO  work.ganglia.util.FileSystemUtil - Initializing file with default content: target/TEST_MEMORY.md
2026-04-10 15:26:01.147 [vert.x-eventloop-thread-0] INFO  work.ganglia.util.FileSystemUtil - Initializing file with default content: /var/folders/hq/68xf8zr13_18y558cmx_r5480000gp/T/junit-18343946092553636287/USER.md
2026-04-10 15:26:01.165 [vert.x-eventloop-thread-0] INFO  work.ganglia.util.FileSystemUtil - Initializing file with default content: /var/folders/hq/68xf8zr13_18y558cmx_r5480000gp/T/junit-12184788465254130345/USER.md
2026-04-10 15:26:01.175 [main] INFO  work.ganglia.infrastructure.internal.memory.FileSystemMemoryStore - Loaded 0 memory entries into index
2026-04-10 15:26:01.180 [vert.x-eventloop-thread-0] DEBUG work.ganglia.infrastructure.internal.memory.FileSystemMemoryStore - Stored memory entry: 1
2026-04-10 15:26:01.181 [vert.x-eventloop-thread-0] DEBUG work.ganglia.infrastructure.internal.memory.FileSystemMemoryStore - Stored memory entry: 2
2026-04-10 15:26:01.193 [main] INFO  work.ganglia.infrastructure.internal.memory.FileSystemMemoryStore - Loaded 0 memory entries into index
2026-04-10 15:26:01.195 [vert.x-eventloop-thread-0] DEBUG work.ganglia.infrastructure.internal.memory.FileSystemMemoryStore - Stored memory entry: 72284104-3ecc-4bc5-8e9b-3c58cadcf89b
2026-04-10 15:26:01.203 [main] INFO  work.ganglia.infrastructure.internal.memory.FileSystemMemoryStore - Loaded 0 memory entries into index
2026-04-10 15:26:01.204 [vert.x-eventloop-thread-0] DEBUG work.ganglia.infrastructure.internal.memory.FileSystemMemoryStore - Stored memory entry: 1
2026-04-10 15:26:01.205 [vert.x-eventloop-thread-0] DEBUG work.ganglia.infrastructure.internal.memory.FileSystemMemoryStore - Stored memory entry: 2
2026-04-10 15:26:01.797 [vert.x-eventloop-thread-0] DEBUG work.ganglia.infrastructure.internal.memory.FileSystemSessionStore - Session saved: s1
2026-04-10 15:26:01.797 [vert.x-eventloop-thread-0] DEBUG work.ganglia.infrastructure.internal.memory.SessionPersistenceModule - Session persisted: s1
2026-04-10 15:26:01.812 [vert.x-eventloop-thread-0] DEBUG work.ganglia.infrastructure.internal.memory.FileSystemSessionStore - Session saved: s1
2026-04-10 15:26:01.812 [vert.x-eventloop-thread-0] DEBUG work.ganglia.infrastructure.internal.memory.SessionPersistenceModule - Session persisted: s1
2026-04-10 15:26:01.814 [vert.x-eventloop-thread-0] DEBUG work.ganglia.infrastructure.internal.memory.FileSystemSessionStore - Session saved: s2
2026-04-10 15:26:01.814 [vert.x-eventloop-thread-0] DEBUG work.ganglia.infrastructure.internal.memory.SessionPersistenceModule - Session persisted: s2
2026-04-10 15:26:01.833 [vert.x-eventloop-thread-0] DEBUG work.ganglia.infrastructure.internal.memory.FileSystemSessionStore - Session saved: s2
2026-04-10 15:26:01.834 [vert.x-eventloop-thread-0] DEBUG work.ganglia.infrastructure.internal.memory.SessionPersistenceModule - Session persisted: s2
2026-04-10 15:26:03.453 [vert.x-eventloop-thread-0] INFO  work.ganglia.util.FileSystemUtil - Initializing file with default content: target/TEST_MEMORY_TOOLS.md
2026-04-10 15:26:03.462 [vert.x-eventloop-thread-0] INFO  work.ganglia.util.FileSystemUtil - Initializing file with default content: target/TEST_MEMORY_TOOLS.md
2026-04-10 15:26:03.468 [vert.x-eventloop-thread-0] INFO  work.ganglia.util.FileSystemUtil - Initializing file with default content: target/TEST_MEMORY_TOOLS.md
2026-04-10 15:38:03.797 [vert.x-eventloop-thread-0] INFO  work.ganglia.util.FileSystemUtil - Initializing file with default content: /var/folders/hq/68xf8zr13_18y558cmx_r5480000gp/T/junit-18298999768065675619/MEMORY.md
2026-04-10 15:38:03.831 [vert.x-eventloop-thread-0] INFO  work.ganglia.util.FileSystemUtil - Initializing file with default content: /var/folders/hq/68xf8zr13_18y558cmx_r5480000gp/T/junit-13285823431275538548/MEMORY.md
2026-04-10 15:38:03.842 [vert.x-eventloop-thread-0] INFO  work.ganglia.util.FileSystemUtil - Initializing file with default content: /var/folders/hq/68xf8zr13_18y558cmx_r5480000gp/T/junit-12344567333115825201/MEMORY.md
2026-04-10 15:38:03.855 [vert.x-eventloop-thread-0] INFO  work.ganglia.util.FileSystemUtil - Initializing file with default content: /var/folders/hq/68xf8zr13_18y558cmx_r5480000gp/T/junit-14440379086449114019/USER.md
2026-04-10 15:38:03.864 [vert.x-eventloop-thread-0] INFO  work.ganglia.util.FileSystemUtil - Initializing file with default content: /var/folders/hq/68xf8zr13_18y558cmx_r5480000gp/T/junit-2875188908642925044/MEMORY.md
2026-04-10 15:38:03.883 [vert.x-eventloop-thread-0] INFO  work.ganglia.util.FileSystemUtil - Initializing file with default content: /var/folders/hq/68xf8zr13_18y558cmx_r5480000gp/T/junit-11052364028704401126/MEMORY.md
2026-04-10 15:38:03.884 [vert.x-eventloop-thread-0] INFO  work.ganglia.util.FileSystemUtil - Initializing file with default content: /var/folders/hq/68xf8zr13_18y558cmx_r5480000gp/T/junit-11052364028704401126/USER.md
2026-04-10 15:38:03.894 [vert.x-eventloop-thread-0] INFO  work.ganglia.util.FileSystemUtil - Initializing file with default content: /var/folders/hq/68xf8zr13_18y558cmx_r5480000gp/T/junit-7226197252479365398/USER.md
2026-04-10 15:38:03.905 [vert.x-eventloop-thread-0] INFO  work.ganglia.util.FileSystemUtil - Creating directory: /var/folders/hq/68xf8zr13_18y558cmx_r5480000gp/T/junit-7719183514490151382/memory
2026-04-10 15:38:03.909 [vert.x-eventloop-thread-0] DEBUG work.ganglia.infrastructure.internal.memory.FileSystemDailyRecordManager - Daily record updated for session: session-1
2026-04-10 15:38:04.253 [main] INFO  work.ganglia.infrastructure.internal.memory.EventBusMemoryService - MemoryService registered on address: ganglia.memory.event
2026-04-10 15:38:04.253 [main] DEBUG work.ganglia.infrastructure.internal.memory.EventBusMemoryService - Registered MemoryModule: daily-journal
2026-04-10 15:38:04.280 [vert.x-eventloop-thread-0] DEBUG work.ganglia.infrastructure.internal.memory.EventBusMemoryService - Dispatching memory event TURN_COMPLETED for session: session-123
2026-04-10 15:38:04.288 [vert.x-eventloop-thread-0] INFO  work.ganglia.util.FileSystemUtil - Creating directory: target/test-memory
2026-04-10 15:38:04.289 [vert.x-eventloop-thread-0] DEBUG work.ganglia.infrastructure.internal.memory.FileSystemDailyRecordManager - Daily record updated for session: session-123
2026-04-10 15:38:04.289 [vert.x-eventloop-thread-0] DEBUG work.ganglia.infrastructure.internal.memory.EventBusMemoryService - Memory event TURN_COMPLETED completed for session: session-123
2026-04-10 15:38:04.384 [vert.x-eventloop-thread-0] DEBUG work.ganglia.infrastructure.internal.memory.FileSystemDailyRecordManager - Daily record updated for session: test-session
2026-04-10 15:38:04.401 [vert.x-eventloop-thread-0] DEBUG work.ganglia.infrastructure.internal.memory.FileSystemSessionStore - Session saved: s1
2026-04-10 15:38:04.403 [vert.x-eventloop-thread-0] DEBUG work.ganglia.infrastructure.internal.memory.FileSystemSessionStore - Session saved: s2
2026-04-10 15:38:04.422 [vert.x-eventloop-thread-0] DEBUG work.ganglia.infrastructure.internal.memory.FileSystemSessionStore - Session saved: s1
2026-04-10 15:38:04.423 [vert.x-eventloop-thread-0] DEBUG work.ganglia.infrastructure.internal.memory.FileSystemSessionStore - Session saved: s1
2026-04-10 15:38:04.430 [vert.x-eventloop-thread-0] DEBUG work.ganglia.infrastructure.internal.memory.FileSystemSessionStore - Session saved: s1
2026-04-10 15:38:04.431 [vert.x-eventloop-thread-0] DEBUG work.ganglia.infrastructure.internal.memory.FileSystemSessionStore - Session saved: s2
2026-04-10 15:38:04.432 [vert.x-eventloop-thread-0] DEBUG work.ganglia.infrastructure.internal.memory.FileSystemSessionStore - Session saved: s3
2026-04-10 15:38:04.439 [vert.x-eventloop-thread-0] DEBUG work.ganglia.infrastructure.internal.memory.FileSystemSessionStore - Session saved: s1
2026-04-10 15:38:04.447 [vert.x-eventloop-thread-0] DEBUG work.ganglia.infrastructure.internal.memory.FileSystemSessionStore - Session saved: s1
2026-04-10 15:38:04.454 [vert.x-eventloop-thread-0] DEBUG work.ganglia.infrastructure.internal.memory.FileSystemSessionStore - Session saved: s1
2026-04-10 15:38:04.455 [vert.x-eventloop-thread-0] DEBUG work.ganglia.infrastructure.internal.memory.FileSystemSessionStore - Session saved: s2
2026-04-10 15:38:04.462 [vert.x-eventloop-thread-0] DEBUG work.ganglia.infrastructure.internal.memory.FileSystemSessionStore - Session saved: s1
2026-04-10 15:38:04.469 [vert.x-eventloop-thread-0] DEBUG work.ganglia.infrastructure.internal.memory.FileSystemSessionStore - Session saved: s1
2026-04-10 15:38:04.479 [vert.x-eventloop-thread-0] DEBUG work.ganglia.infrastructure.internal.memory.MarkdownTimelineLedger - Appended event de23db60-95b1-4e4c-941b-13492ca3ac03 to timeline
2026-04-10 15:38:04.488 [vert.x-eventloop-thread-0] INFO  work.ganglia.util.FileSystemUtil - Initializing file with default content: .ganglia/memory/MEMORY.md
2026-04-10 15:38:04.493 [vert.x-eventloop-thread-0] INFO  work.ganglia.util.FileSystemUtil - Initializing file with default content: target/TEST_MEMORY.md
2026-04-10 15:38:04.499 [vert.x-eventloop-thread-0] INFO  work.ganglia.util.FileSystemUtil - Initializing file with default content: target/TEST_MEMORY.md
2026-04-10 15:38:04.507 [vert.x-eventloop-thread-0] INFO  work.ganglia.util.FileSystemUtil - Initializing file with default content: /var/folders/hq/68xf8zr13_18y558cmx_r5480000gp/T/junit-8039371016745953757/USER.md
2026-04-10 15:38:04.523 [vert.x-eventloop-thread-0] INFO  work.ganglia.util.FileSystemUtil - Initializing file with default content: /var/folders/hq/68xf8zr13_18y558cmx_r5480000gp/T/junit-11993824516698473685/USER.md
2026-04-10 15:38:04.532 [main] INFO  work.ganglia.infrastructure.internal.memory.FileSystemMemoryStore - Loaded 0 memory entries into index
2026-04-10 15:38:04.537 [vert.x-eventloop-thread-0] DEBUG work.ganglia.infrastructure.internal.memory.FileSystemMemoryStore - Stored memory entry: 1
2026-04-10 15:38:04.538 [vert.x-eventloop-thread-0] DEBUG work.ganglia.infrastructure.internal.memory.FileSystemMemoryStore - Stored memory entry: 2
2026-04-10 15:38:04.549 [main] INFO  work.ganglia.infrastructure.internal.memory.FileSystemMemoryStore - Loaded 0 memory entries into index
2026-04-10 15:38:04.552 [vert.x-eventloop-thread-0] DEBUG work.ganglia.infrastructure.internal.memory.FileSystemMemoryStore - Stored memory entry: e84fa576-fb77-4e89-bbe2-79dc99ea1dbb
2026-04-10 15:38:04.560 [main] INFO  work.ganglia.infrastructure.internal.memory.FileSystemMemoryStore - Loaded 0 memory entries into index
2026-04-10 15:38:04.561 [vert.x-eventloop-thread-0] DEBUG work.ganglia.infrastructure.internal.memory.FileSystemMemoryStore - Stored memory entry: 1
2026-04-10 15:38:04.562 [vert.x-eventloop-thread-0] DEBUG work.ganglia.infrastructure.internal.memory.FileSystemMemoryStore - Stored memory entry: 2
2026-04-10 15:38:05.168 [vert.x-eventloop-thread-0] DEBUG work.ganglia.infrastructure.internal.memory.FileSystemSessionStore - Session saved: s1
2026-04-10 15:38:05.168 [vert.x-eventloop-thread-0] DEBUG work.ganglia.infrastructure.internal.memory.SessionPersistenceModule - Session persisted: s1
2026-04-10 15:38:05.184 [vert.x-eventloop-thread-0] DEBUG work.ganglia.infrastructure.internal.memory.FileSystemSessionStore - Session saved: s1
2026-04-10 15:38:05.184 [vert.x-eventloop-thread-0] DEBUG work.ganglia.infrastructure.internal.memory.SessionPersistenceModule - Session persisted: s1
2026-04-10 15:38:05.185 [vert.x-eventloop-thread-0] DEBUG work.ganglia.infrastructure.internal.memory.FileSystemSessionStore - Session saved: s2
2026-04-10 15:38:05.185 [vert.x-eventloop-thread-0] DEBUG work.ganglia.infrastructure.internal.memory.SessionPersistenceModule - Session persisted: s2
2026-04-10 15:38:05.205 [vert.x-eventloop-thread-0] DEBUG work.ganglia.infrastructure.internal.memory.FileSystemSessionStore - Session saved: s2
2026-04-10 15:38:05.205 [vert.x-eventloop-thread-0] DEBUG work.ganglia.infrastructure.internal.memory.SessionPersistenceModule - Session persisted: s2
2026-04-10 15:38:05.225 [vert.x-eventloop-thread-0] INFO  work.ganglia.util.FileSystemUtil - Initializing file with default content: /var/folders/hq/68xf8zr13_18y558cmx_r5480000gp/T/junit-9138124901732738367/MEMORY.md
2026-04-10 15:38:05.226 [vert.x-eventloop-thread-0] INFO  work.ganglia.util.FileSystemUtil - Initializing file with default content: /var/folders/hq/68xf8zr13_18y558cmx_r5480000gp/T/junit-9138124901732738367/USER.md
2026-04-10 15:38:05.228 [vert.x-eventloop-thread-0] INFO  work.ganglia.infrastructure.internal.memory.MemoryConsolidationModule - Project memory size 241 exceeds threshold 100, nudging consolidation
2026-04-10 15:38:05.244 [vert.x-eventloop-thread-0] INFO  work.ganglia.util.FileSystemUtil - Initializing file with default content: /var/folders/hq/68xf8zr13_18y558cmx_r5480000gp/T/junit-2020807993824366399/MEMORY.md
2026-04-10 15:38:05.245 [vert.x-eventloop-thread-0] INFO  work.ganglia.util.FileSystemUtil - Initializing file with default content: /var/folders/hq/68xf8zr13_18y558cmx_r5480000gp/T/junit-2020807993824366399/USER.md
2026-04-10 15:38:05.246 [vert.x-eventloop-thread-0] INFO  work.ganglia.infrastructure.internal.memory.MemoryConsolidationModule - Project memory size 241 exceeds threshold 100, nudging consolidation
2026-04-10 15:38:05.258 [vert.x-eventloop-thread-0] INFO  work.ganglia.util.FileSystemUtil - Initializing file with default content: /var/folders/hq/68xf8zr13_18y558cmx_r5480000gp/T/junit-4279390868269136945/MEMORY.md
2026-04-10 15:38:05.260 [vert.x-eventloop-thread-0] INFO  work.ganglia.util.FileSystemUtil - Initializing file with default content: /var/folders/hq/68xf8zr13_18y558cmx_r5480000gp/T/junit-4279390868269136945/USER.md
2026-04-10 15:38:05.262 [vert.x-eventloop-thread-0] INFO  work.ganglia.infrastructure.internal.memory.MemoryConsolidationModule - User profile size 233 exceeds threshold 100, nudging consolidation
2026-04-10 15:38:05.269 [vert.x-eventloop-thread-0] INFO  work.ganglia.util.FileSystemUtil - Initializing file with default content: /var/folders/hq/68xf8zr13_18y558cmx_r5480000gp/T/junit-4701637802074543022/MEMORY.md
2026-04-10 15:38:05.270 [vert.x-eventloop-thread-0] INFO  work.ganglia.util.FileSystemUtil - Initializing file with default content: /var/folders/hq/68xf8zr13_18y558cmx_r5480000gp/T/junit-4701637802074543022/USER.md
2026-04-10 15:38:05.278 [vert.x-eventloop-thread-0] INFO  work.ganglia.util.FileSystemUtil - Initializing file with default content: /var/folders/hq/68xf8zr13_18y558cmx_r5480000gp/T/junit-17937698272285923723/MEMORY.md
2026-04-10 15:38:05.279 [vert.x-eventloop-thread-0] INFO  work.ganglia.util.FileSystemUtil - Initializing file with default content: /var/folders/hq/68xf8zr13_18y558cmx_r5480000gp/T/junit-17937698272285923723/USER.md
2026-04-10 15:38:06.879 [vert.x-eventloop-thread-0] INFO  work.ganglia.util.FileSystemUtil - Initializing file with default content: target/TEST_MEMORY_TOOLS.md
2026-04-10 15:38:06.887 [vert.x-eventloop-thread-0] INFO  work.ganglia.util.FileSystemUtil - Initializing file with default content: target/TEST_MEMORY_TOOLS.md
2026-04-10 15:38:06.904 [vert.x-eventloop-thread-0] INFO  work.ganglia.util.FileSystemUtil - Initializing file with default content: target/TEST_MEMORY_TOOLS.md
2026-04-10 16:01:50.458 [vert.x-eventloop-thread-0] INFO  work.ganglia.util.FileSystemUtil - Initializing file with default content: /var/folders/hq/68xf8zr13_18y558cmx_r5480000gp/T/junit-7323823986310663280/MEMORY.md
2026-04-10 16:01:50.517 [vert.x-eventloop-thread-0] INFO  work.ganglia.util.FileSystemUtil - Initializing file with default content: /var/folders/hq/68xf8zr13_18y558cmx_r5480000gp/T/junit-10225540482026122402/MEMORY.md
2026-04-10 16:01:50.543 [vert.x-eventloop-thread-0] INFO  work.ganglia.util.FileSystemUtil - Initializing file with default content: /var/folders/hq/68xf8zr13_18y558cmx_r5480000gp/T/junit-9135812522704422067/MEMORY.md
2026-04-10 16:01:50.556 [vert.x-eventloop-thread-0] INFO  work.ganglia.util.FileSystemUtil - Initializing file with default content: /var/folders/hq/68xf8zr13_18y558cmx_r5480000gp/T/junit-10475820782480991418/USER.md
2026-04-10 16:01:50.566 [vert.x-eventloop-thread-0] INFO  work.ganglia.util.FileSystemUtil - Initializing file with default content: /var/folders/hq/68xf8zr13_18y558cmx_r5480000gp/T/junit-9871849604847524606/MEMORY.md
2026-04-10 16:01:50.595 [vert.x-eventloop-thread-0] INFO  work.ganglia.util.FileSystemUtil - Initializing file with default content: /var/folders/hq/68xf8zr13_18y558cmx_r5480000gp/T/junit-6074418813740612760/MEMORY.md
2026-04-10 16:01:50.596 [vert.x-eventloop-thread-0] INFO  work.ganglia.util.FileSystemUtil - Initializing file with default content: /var/folders/hq/68xf8zr13_18y558cmx_r5480000gp/T/junit-6074418813740612760/USER.md
2026-04-10 16:01:50.605 [vert.x-eventloop-thread-0] INFO  work.ganglia.util.FileSystemUtil - Initializing file with default content: /var/folders/hq/68xf8zr13_18y558cmx_r5480000gp/T/junit-14613335851367513235/USER.md
2026-04-10 16:01:50.621 [vert.x-eventloop-thread-0] INFO  work.ganglia.util.FileSystemUtil - Creating directory: /var/folders/hq/68xf8zr13_18y558cmx_r5480000gp/T/junit-779728792611677661/memory
2026-04-10 16:01:50.624 [vert.x-eventloop-thread-0] DEBUG work.ganglia.infrastructure.internal.memory.FileSystemDailyRecordManager - Daily record updated for session: session-1
2026-04-10 16:01:51.076 [main] INFO  work.ganglia.infrastructure.internal.memory.EventBusMemoryService - MemoryService registered on address: ganglia.memory.event
2026-04-10 16:01:51.076 [main] DEBUG work.ganglia.infrastructure.internal.memory.EventBusMemoryService - Registered MemoryModule: daily-journal
2026-04-10 16:01:51.111 [vert.x-eventloop-thread-0] DEBUG work.ganglia.infrastructure.internal.memory.EventBusMemoryService - Dispatching memory event TURN_COMPLETED for session: session-123
2026-04-10 16:01:51.123 [vert.x-eventloop-thread-0] INFO  work.ganglia.util.FileSystemUtil - Creating directory: target/test-memory
2026-04-10 16:01:51.125 [vert.x-eventloop-thread-0] DEBUG work.ganglia.infrastructure.internal.memory.FileSystemDailyRecordManager - Daily record updated for session: session-123
2026-04-10 16:01:51.125 [vert.x-eventloop-thread-0] DEBUG work.ganglia.infrastructure.internal.memory.EventBusMemoryService - Memory event TURN_COMPLETED completed for session: session-123
2026-04-10 16:01:51.240 [vert.x-eventloop-thread-0] DEBUG work.ganglia.infrastructure.internal.memory.FileSystemDailyRecordManager - Daily record updated for session: test-session
2026-04-10 16:01:51.256 [vert.x-eventloop-thread-0] DEBUG work.ganglia.infrastructure.internal.memory.FileSystemSessionStore - Session saved: s1
2026-04-10 16:01:51.258 [vert.x-eventloop-thread-0] DEBUG work.ganglia.infrastructure.internal.memory.FileSystemSessionStore - Session saved: s2
2026-04-10 16:01:51.279 [vert.x-eventloop-thread-0] DEBUG work.ganglia.infrastructure.internal.memory.FileSystemSessionStore - Session saved: s1
2026-04-10 16:01:51.281 [vert.x-eventloop-thread-0] DEBUG work.ganglia.infrastructure.internal.memory.FileSystemSessionStore - Session saved: s1
2026-04-10 16:01:51.288 [vert.x-eventloop-thread-0] DEBUG work.ganglia.infrastructure.internal.memory.FileSystemSessionStore - Session saved: s1
2026-04-10 16:01:51.289 [vert.x-eventloop-thread-0] DEBUG work.ganglia.infrastructure.internal.memory.FileSystemSessionStore - Session saved: s2
2026-04-10 16:01:51.290 [vert.x-eventloop-thread-0] DEBUG work.ganglia.infrastructure.internal.memory.FileSystemSessionStore - Session saved: s3
2026-04-10 16:01:51.297 [vert.x-eventloop-thread-0] DEBUG work.ganglia.infrastructure.internal.memory.FileSystemSessionStore - Session saved: s1
2026-04-10 16:01:51.304 [vert.x-eventloop-thread-0] DEBUG work.ganglia.infrastructure.internal.memory.FileSystemSessionStore - Session saved: s1
2026-04-10 16:01:51.317 [vert.x-eventloop-thread-0] DEBUG work.ganglia.infrastructure.internal.memory.FileSystemSessionStore - Session saved: s1
2026-04-10 16:01:51.318 [vert.x-eventloop-thread-0] DEBUG work.ganglia.infrastructure.internal.memory.FileSystemSessionStore - Session saved: s2
2026-04-10 16:01:51.325 [vert.x-eventloop-thread-0] DEBUG work.ganglia.infrastructure.internal.memory.FileSystemSessionStore - Session saved: s1
2026-04-10 16:01:51.332 [vert.x-eventloop-thread-0] DEBUG work.ganglia.infrastructure.internal.memory.FileSystemSessionStore - Session saved: s1
2026-04-10 16:01:51.343 [vert.x-eventloop-thread-0] DEBUG work.ganglia.infrastructure.internal.memory.MarkdownTimelineLedger - Appended event b3d12ffe-bf4a-4b82-ac1b-cb736b76698d to timeline
2026-04-10 16:01:51.353 [vert.x-eventloop-thread-0] INFO  work.ganglia.util.FileSystemUtil - Initializing file with default content: .ganglia/memory/MEMORY.md
2026-04-10 16:01:51.360 [vert.x-eventloop-thread-0] INFO  work.ganglia.util.FileSystemUtil - Initializing file with default content: target/TEST_MEMORY.md
2026-04-10 16:01:51.368 [vert.x-eventloop-thread-0] INFO  work.ganglia.util.FileSystemUtil - Initializing file with default content: target/TEST_MEMORY.md
2026-04-10 16:01:51.376 [vert.x-eventloop-thread-0] INFO  work.ganglia.util.FileSystemUtil - Initializing file with default content: /var/folders/hq/68xf8zr13_18y558cmx_r5480000gp/T/junit-8679933919946436192/USER.md
2026-04-10 16:01:51.395 [vert.x-eventloop-thread-0] INFO  work.ganglia.util.FileSystemUtil - Initializing file with default content: /var/folders/hq/68xf8zr13_18y558cmx_r5480000gp/T/junit-7617199672840846299/USER.md
2026-04-10 16:01:51.403 [main] INFO  work.ganglia.infrastructure.internal.memory.FileSystemMemoryStore - Loaded 0 memory entries into index
2026-04-10 16:01:51.408 [vert.x-eventloop-thread-0] DEBUG work.ganglia.infrastructure.internal.memory.FileSystemMemoryStore - Stored memory entry: 1
2026-04-10 16:01:51.409 [vert.x-eventloop-thread-0] DEBUG work.ganglia.infrastructure.internal.memory.FileSystemMemoryStore - Stored memory entry: 2
2026-04-10 16:01:51.423 [main] INFO  work.ganglia.infrastructure.internal.memory.FileSystemMemoryStore - Loaded 0 memory entries into index
2026-04-10 16:01:51.426 [vert.x-eventloop-thread-0] DEBUG work.ganglia.infrastructure.internal.memory.FileSystemMemoryStore - Stored memory entry: 73a78698-2a05-4249-b060-bb12a3954b33
2026-04-10 16:01:51.435 [main] INFO  work.ganglia.infrastructure.internal.memory.FileSystemMemoryStore - Loaded 0 memory entries into index
2026-04-10 16:01:51.436 [vert.x-eventloop-thread-0] DEBUG work.ganglia.infrastructure.internal.memory.FileSystemMemoryStore - Stored memory entry: 1
2026-04-10 16:01:51.437 [vert.x-eventloop-thread-0] DEBUG work.ganglia.infrastructure.internal.memory.FileSystemMemoryStore - Stored memory entry: 2
2026-04-10 16:01:51.452 [vert.x-eventloop-thread-0] DEBUG work.ganglia.infrastructure.internal.memory.FileSystemSessionStore - Session saved: s1
2026-04-10 16:01:51.452 [vert.x-eventloop-thread-0] DEBUG work.ganglia.infrastructure.internal.memory.SessionPersistenceModule - Session persisted: s1
2026-04-10 16:01:51.458 [vert.x-eventloop-thread-0] DEBUG work.ganglia.infrastructure.internal.memory.FileSystemSessionStore - Session saved: s1
2026-04-10 16:01:51.459 [vert.x-eventloop-thread-0] DEBUG work.ganglia.infrastructure.internal.memory.SessionPersistenceModule - Session persisted: s1
2026-04-10 16:01:51.459 [vert.x-eventloop-thread-0] DEBUG work.ganglia.infrastructure.internal.memory.FileSystemSessionStore - Session saved: s2
2026-04-10 16:01:51.459 [vert.x-eventloop-thread-0] DEBUG work.ganglia.infrastructure.internal.memory.SessionPersistenceModule - Session persisted: s2
2026-04-10 16:01:51.471 [vert.x-eventloop-thread-0] DEBUG work.ganglia.infrastructure.internal.memory.FileSystemSessionStore - Session saved: s2
2026-04-10 16:01:51.471 [vert.x-eventloop-thread-0] DEBUG work.ganglia.infrastructure.internal.memory.SessionPersistenceModule - Session persisted: s2
2026-04-10 16:01:51.483 [vert.x-eventloop-thread-0] INFO  work.ganglia.util.FileSystemUtil - Initializing file with default content: /var/folders/hq/68xf8zr13_18y558cmx_r5480000gp/T/junit-16767774877977220549/MEMORY.md
2026-04-10 16:01:51.483 [vert.x-eventloop-thread-0] INFO  work.ganglia.util.FileSystemUtil - Initializing file with default content: /var/folders/hq/68xf8zr13_18y558cmx_r5480000gp/T/junit-16767774877977220549/USER.md
2026-04-10 16:01:51.485 [vert.x-eventloop-thread-0] INFO  work.ganglia.infrastructure.internal.memory.MemoryConsolidationModule - Project memory size 241 exceeds threshold 100, nudging consolidation
2026-04-10 16:01:51.493 [vert.x-eventloop-thread-0] INFO  work.ganglia.util.FileSystemUtil - Initializing file with default content: /var/folders/hq/68xf8zr13_18y558cmx_r5480000gp/T/junit-12553445307817867939/MEMORY.md
2026-04-10 16:01:51.494 [vert.x-eventloop-thread-0] INFO  work.ganglia.util.FileSystemUtil - Initializing file with default content: /var/folders/hq/68xf8zr13_18y558cmx_r5480000gp/T/junit-12553445307817867939/USER.md
2026-04-10 16:01:51.495 [vert.x-eventloop-thread-0] INFO  work.ganglia.infrastructure.internal.memory.MemoryConsolidationModule - Project memory size 241 exceeds threshold 100, nudging consolidation
2026-04-10 16:01:51.503 [vert.x-eventloop-thread-0] INFO  work.ganglia.util.FileSystemUtil - Initializing file with default content: /var/folders/hq/68xf8zr13_18y558cmx_r5480000gp/T/junit-12331294356562812351/MEMORY.md
2026-04-10 16:01:51.504 [vert.x-eventloop-thread-0] INFO  work.ganglia.util.FileSystemUtil - Initializing file with default content: /var/folders/hq/68xf8zr13_18y558cmx_r5480000gp/T/junit-12331294356562812351/USER.md
2026-04-10 16:01:51.505 [vert.x-eventloop-thread-0] INFO  work.ganglia.infrastructure.internal.memory.MemoryConsolidationModule - User profile size 233 exceeds threshold 100, nudging consolidation
2026-04-10 16:01:51.511 [vert.x-eventloop-thread-0] INFO  work.ganglia.util.FileSystemUtil - Initializing file with default content: /var/folders/hq/68xf8zr13_18y558cmx_r5480000gp/T/junit-13997486397298204633/MEMORY.md
2026-04-10 16:01:51.512 [vert.x-eventloop-thread-0] INFO  work.ganglia.util.FileSystemUtil - Initializing file with default content: /var/folders/hq/68xf8zr13_18y558cmx_r5480000gp/T/junit-13997486397298204633/USER.md
2026-04-10 16:01:51.518 [vert.x-eventloop-thread-0] INFO  work.ganglia.util.FileSystemUtil - Initializing file with default content: /var/folders/hq/68xf8zr13_18y558cmx_r5480000gp/T/junit-17477378059979411508/MEMORY.md
2026-04-10 16:01:51.518 [vert.x-eventloop-thread-0] INFO  work.ganglia.util.FileSystemUtil - Initializing file with default content: /var/folders/hq/68xf8zr13_18y558cmx_r5480000gp/T/junit-17477378059979411508/USER.md
2026-04-10 16:01:51.549 [vert.x-eventloop-thread-0] INFO  work.ganglia.util.FileSystemUtil - Initializing file with default content: target/TEST_MEMORY_TOOLS.md
2026-04-10 16:01:51.556 [vert.x-eventloop-thread-0] INFO  work.ganglia.util.FileSystemUtil - Initializing file with default content: target/TEST_MEMORY_TOOLS.md
2026-04-10 16:01:51.560 [vert.x-eventloop-thread-0] INFO  work.ganglia.util.FileSystemUtil - Initializing file with default content: target/TEST_MEMORY_TOOLS.md
2026-04-10 16:02:27.407 [vert.x-eventloop-thread-0] INFO  work.ganglia.util.FileSystemUtil - Initializing file with default content: /var/folders/hq/68xf8zr13_18y558cmx_r5480000gp/T/junit-3214423288401435543/MEMORY.md
2026-04-10 16:02:27.448 [vert.x-eventloop-thread-0] INFO  work.ganglia.util.FileSystemUtil - Initializing file with default content: /var/folders/hq/68xf8zr13_18y558cmx_r5480000gp/T/junit-2255702717364551527/MEMORY.md
2026-04-10 16:02:27.458 [vert.x-eventloop-thread-0] INFO  work.ganglia.util.FileSystemUtil - Initializing file with default content: /var/folders/hq/68xf8zr13_18y558cmx_r5480000gp/T/junit-2787412421014616914/MEMORY.md
2026-04-10 16:02:27.471 [vert.x-eventloop-thread-0] INFO  work.ganglia.util.FileSystemUtil - Initializing file with default content: /var/folders/hq/68xf8zr13_18y558cmx_r5480000gp/T/junit-7293101041254033000/USER.md
2026-04-10 16:02:27.479 [vert.x-eventloop-thread-0] INFO  work.ganglia.util.FileSystemUtil - Initializing file with default content: /var/folders/hq/68xf8zr13_18y558cmx_r5480000gp/T/junit-14034361875722045598/MEMORY.md
2026-04-10 16:02:27.498 [vert.x-eventloop-thread-0] INFO  work.ganglia.util.FileSystemUtil - Initializing file with default content: /var/folders/hq/68xf8zr13_18y558cmx_r5480000gp/T/junit-598580442242496398/MEMORY.md
2026-04-10 16:02:27.499 [vert.x-eventloop-thread-0] INFO  work.ganglia.util.FileSystemUtil - Initializing file with default content: /var/folders/hq/68xf8zr13_18y558cmx_r5480000gp/T/junit-598580442242496398/USER.md
2026-04-10 16:02:27.509 [vert.x-eventloop-thread-0] INFO  work.ganglia.util.FileSystemUtil - Initializing file with default content: /var/folders/hq/68xf8zr13_18y558cmx_r5480000gp/T/junit-463066412035421746/USER.md
2026-04-10 16:02:27.526 [vert.x-eventloop-thread-0] INFO  work.ganglia.util.FileSystemUtil - Creating directory: /var/folders/hq/68xf8zr13_18y558cmx_r5480000gp/T/junit-12274186701303590366/memory
2026-04-10 16:02:27.529 [vert.x-eventloop-thread-0] DEBUG work.ganglia.infrastructure.internal.memory.FileSystemDailyRecordManager - Daily record updated for session: session-1
2026-04-10 16:02:27.935 [main] INFO  work.ganglia.infrastructure.internal.memory.EventBusMemoryService - MemoryService registered on address: ganglia.memory.event
2026-04-10 16:02:27.936 [main] DEBUG work.ganglia.infrastructure.internal.memory.EventBusMemoryService - Registered MemoryModule: daily-journal
2026-04-10 16:02:27.965 [vert.x-eventloop-thread-0] DEBUG work.ganglia.infrastructure.internal.memory.EventBusMemoryService - Dispatching memory event TURN_COMPLETED for session: session-123
2026-04-10 16:02:27.976 [vert.x-eventloop-thread-0] INFO  work.ganglia.util.FileSystemUtil - Creating directory: target/test-memory
2026-04-10 16:02:27.978 [vert.x-eventloop-thread-0] DEBUG work.ganglia.infrastructure.internal.memory.FileSystemDailyRecordManager - Daily record updated for session: session-123
2026-04-10 16:02:27.978 [vert.x-eventloop-thread-0] DEBUG work.ganglia.infrastructure.internal.memory.EventBusMemoryService - Memory event TURN_COMPLETED completed for session: session-123
2026-04-10 16:02:28.069 [vert.x-eventloop-thread-0] DEBUG work.ganglia.infrastructure.internal.memory.FileSystemDailyRecordManager - Daily record updated for session: test-session
2026-04-10 16:02:28.086 [vert.x-eventloop-thread-0] DEBUG work.ganglia.infrastructure.internal.memory.FileSystemSessionStore - Session saved: s1
2026-04-10 16:02:28.087 [vert.x-eventloop-thread-0] DEBUG work.ganglia.infrastructure.internal.memory.FileSystemSessionStore - Session saved: s2
2026-04-10 16:02:28.104 [vert.x-eventloop-thread-0] DEBUG work.ganglia.infrastructure.internal.memory.FileSystemSessionStore - Session saved: s1
2026-04-10 16:02:28.105 [vert.x-eventloop-thread-0] DEBUG work.ganglia.infrastructure.internal.memory.FileSystemSessionStore - Session saved: s1
2026-04-10 16:02:28.111 [vert.x-eventloop-thread-0] DEBUG work.ganglia.infrastructure.internal.memory.FileSystemSessionStore - Session saved: s1
2026-04-10 16:02:28.112 [vert.x-eventloop-thread-0] DEBUG work.ganglia.infrastructure.internal.memory.FileSystemSessionStore - Session saved: s2
2026-04-10 16:02:28.113 [vert.x-eventloop-thread-0] DEBUG work.ganglia.infrastructure.internal.memory.FileSystemSessionStore - Session saved: s3
2026-04-10 16:02:28.120 [vert.x-eventloop-thread-0] DEBUG work.ganglia.infrastructure.internal.memory.FileSystemSessionStore - Session saved: s1
2026-04-10 16:02:28.127 [vert.x-eventloop-thread-0] DEBUG work.ganglia.infrastructure.internal.memory.FileSystemSessionStore - Session saved: s1
2026-04-10 16:02:28.134 [vert.x-eventloop-thread-0] DEBUG work.ganglia.infrastructure.internal.memory.FileSystemSessionStore - Session saved: s1
2026-04-10 16:02:28.134 [vert.x-eventloop-thread-0] DEBUG work.ganglia.infrastructure.internal.memory.FileSystemSessionStore - Session saved: s2
2026-04-10 16:02:28.141 [vert.x-eventloop-thread-0] DEBUG work.ganglia.infrastructure.internal.memory.FileSystemSessionStore - Session saved: s1
2026-04-10 16:02:28.148 [vert.x-eventloop-thread-0] DEBUG work.ganglia.infrastructure.internal.memory.FileSystemSessionStore - Session saved: s1
2026-04-10 16:02:28.158 [vert.x-eventloop-thread-0] DEBUG work.ganglia.infrastructure.internal.memory.MarkdownTimelineLedger - Appended event 683ea40d-fed5-4548-8344-d47071f89833 to timeline
2026-04-10 16:02:28.164 [vert.x-eventloop-thread-0] INFO  work.ganglia.util.FileSystemUtil - Initializing file with default content: .ganglia/memory/MEMORY.md
2026-04-10 16:02:28.170 [vert.x-eventloop-thread-0] INFO  work.ganglia.util.FileSystemUtil - Initializing file with default content: target/TEST_MEMORY.md
2026-04-10 16:02:28.175 [vert.x-eventloop-thread-0] INFO  work.ganglia.util.FileSystemUtil - Initializing file with default content: target/TEST_MEMORY.md
2026-04-10 16:02:28.182 [vert.x-eventloop-thread-0] INFO  work.ganglia.util.FileSystemUtil - Initializing file with default content: /var/folders/hq/68xf8zr13_18y558cmx_r5480000gp/T/junit-7600434789403635460/USER.md
2026-04-10 16:02:28.200 [vert.x-eventloop-thread-0] INFO  work.ganglia.util.FileSystemUtil - Initializing file with default content: /var/folders/hq/68xf8zr13_18y558cmx_r5480000gp/T/junit-1681637280615960498/USER.md
2026-04-10 16:02:28.208 [main] INFO  work.ganglia.infrastructure.internal.memory.FileSystemMemoryStore - Loaded 0 memory entries into index
2026-04-10 16:02:28.214 [vert.x-eventloop-thread-0] DEBUG work.ganglia.infrastructure.internal.memory.FileSystemMemoryStore - Stored memory entry: 1
2026-04-10 16:02:28.215 [vert.x-eventloop-thread-0] DEBUG work.ganglia.infrastructure.internal.memory.FileSystemMemoryStore - Stored memory entry: 2
2026-04-10 16:02:28.224 [main] INFO  work.ganglia.infrastructure.internal.memory.FileSystemMemoryStore - Loaded 0 memory entries into index
2026-04-10 16:02:28.228 [vert.x-eventloop-thread-0] DEBUG work.ganglia.infrastructure.internal.memory.FileSystemMemoryStore - Stored memory entry: f8ae0da0-aebb-4abe-b1a0-6f9395237ac4
2026-04-10 16:02:28.236 [main] INFO  work.ganglia.infrastructure.internal.memory.FileSystemMemoryStore - Loaded 0 memory entries into index
2026-04-10 16:02:28.237 [vert.x-eventloop-thread-0] DEBUG work.ganglia.infrastructure.internal.memory.FileSystemMemoryStore - Stored memory entry: 1
2026-04-10 16:02:28.238 [vert.x-eventloop-thread-0] DEBUG work.ganglia.infrastructure.internal.memory.FileSystemMemoryStore - Stored memory entry: 2
2026-04-10 16:02:28.247 [vert.x-eventloop-thread-0] DEBUG work.ganglia.infrastructure.internal.memory.FileSystemSessionStore - Session saved: s1
2026-04-10 16:02:28.247 [vert.x-eventloop-thread-0] DEBUG work.ganglia.infrastructure.internal.memory.SessionPersistenceModule - Session persisted: s1
2026-04-10 16:02:28.254 [vert.x-eventloop-thread-0] DEBUG work.ganglia.infrastructure.internal.memory.FileSystemSessionStore - Session saved: s1
2026-04-10 16:02:28.254 [vert.x-eventloop-thread-0] DEBUG work.ganglia.infrastructure.internal.memory.SessionPersistenceModule - Session persisted: s1
2026-04-10 16:02:28.255 [vert.x-eventloop-thread-0] DEBUG work.ganglia.infrastructure.internal.memory.FileSystemSessionStore - Session saved: s2
2026-04-10 16:02:28.255 [vert.x-eventloop-thread-0] DEBUG work.ganglia.infrastructure.internal.memory.SessionPersistenceModule - Session persisted: s2
2026-04-10 16:02:28.265 [vert.x-eventloop-thread-0] DEBUG work.ganglia.infrastructure.internal.memory.FileSystemSessionStore - Session saved: s2
2026-04-10 16:02:28.265 [vert.x-eventloop-thread-0] DEBUG work.ganglia.infrastructure.internal.memory.SessionPersistenceModule - Session persisted: s2
2026-04-10 16:02:28.276 [vert.x-eventloop-thread-0] INFO  work.ganglia.util.FileSystemUtil - Initializing file with default content: /var/folders/hq/68xf8zr13_18y558cmx_r5480000gp/T/junit-16573309346603255797/MEMORY.md
2026-04-10 16:02:28.276 [vert.x-eventloop-thread-0] INFO  work.ganglia.util.FileSystemUtil - Initializing file with default content: /var/folders/hq/68xf8zr13_18y558cmx_r5480000gp/T/junit-16573309346603255797/USER.md
2026-04-10 16:02:28.277 [vert.x-eventloop-thread-0] INFO  work.ganglia.infrastructure.internal.memory.MemoryConsolidationModule - Project memory size 241 exceeds threshold 100, nudging consolidation
2026-04-10 16:02:28.286 [vert.x-eventloop-thread-0] INFO  work.ganglia.util.FileSystemUtil - Initializing file with default content: /var/folders/hq/68xf8zr13_18y558cmx_r5480000gp/T/junit-16229579058709607789/MEMORY.md
2026-04-10 16:02:28.286 [vert.x-eventloop-thread-0] INFO  work.ganglia.util.FileSystemUtil - Initializing file with default content: /var/folders/hq/68xf8zr13_18y558cmx_r5480000gp/T/junit-16229579058709607789/USER.md
2026-04-10 16:02:28.287 [vert.x-eventloop-thread-0] INFO  work.ganglia.infrastructure.internal.memory.MemoryConsolidationModule - Project memory size 241 exceeds threshold 100, nudging consolidation
2026-04-10 16:02:28.294 [vert.x-eventloop-thread-0] INFO  work.ganglia.util.FileSystemUtil - Initializing file with default content: /var/folders/hq/68xf8zr13_18y558cmx_r5480000gp/T/junit-7052564036698320675/MEMORY.md
2026-04-10 16:02:28.295 [vert.x-eventloop-thread-0] INFO  work.ganglia.util.FileSystemUtil - Initializing file with default content: /var/folders/hq/68xf8zr13_18y558cmx_r5480000gp/T/junit-7052564036698320675/USER.md
2026-04-10 16:02:28.296 [vert.x-eventloop-thread-0] INFO  work.ganglia.infrastructure.internal.memory.MemoryConsolidationModule - User profile size 233 exceeds threshold 100, nudging consolidation
2026-04-10 16:02:28.302 [vert.x-eventloop-thread-0] INFO  work.ganglia.util.FileSystemUtil - Initializing file with default content: /var/folders/hq/68xf8zr13_18y558cmx_r5480000gp/T/junit-72005549609631266/MEMORY.md
2026-04-10 16:02:28.303 [vert.x-eventloop-thread-0] INFO  work.ganglia.util.FileSystemUtil - Initializing file with default content: /var/folders/hq/68xf8zr13_18y558cmx_r5480000gp/T/junit-72005549609631266/USER.md
2026-04-10 16:02:28.307 [vert.x-eventloop-thread-0] INFO  work.ganglia.util.FileSystemUtil - Initializing file with default content: /var/folders/hq/68xf8zr13_18y558cmx_r5480000gp/T/junit-15564228774064280391/MEMORY.md
2026-04-10 16:02:28.308 [vert.x-eventloop-thread-0] INFO  work.ganglia.util.FileSystemUtil - Initializing file with default content: /var/folders/hq/68xf8zr13_18y558cmx_r5480000gp/T/junit-15564228774064280391/USER.md
2026-04-10 16:02:28.341 [vert.x-eventloop-thread-0] INFO  work.ganglia.util.FileSystemUtil - Initializing file with default content: target/TEST_MEMORY_TOOLS.md
2026-04-10 16:02:28.347 [vert.x-eventloop-thread-0] INFO  work.ganglia.util.FileSystemUtil - Initializing file with default content: target/TEST_MEMORY_TOOLS.md
2026-04-10 16:02:28.351 [vert.x-eventloop-thread-0] INFO  work.ganglia.util.FileSystemUtil - Initializing file with default content: target/TEST_MEMORY_TOOLS.md
2026-04-10 16:07:52.684 [vert.x-eventloop-thread-0] INFO  work.ganglia.util.FileSystemUtil - Initializing file with default content: /var/folders/hq/68xf8zr13_18y558cmx_r5480000gp/T/junit-7887117753910129602/MEMORY.md
2026-04-10 16:07:52.727 [vert.x-eventloop-thread-0] INFO  work.ganglia.util.FileSystemUtil - Initializing file with default content: /var/folders/hq/68xf8zr13_18y558cmx_r5480000gp/T/junit-14095004231865663649/MEMORY.md
2026-04-10 16:07:52.738 [vert.x-eventloop-thread-0] INFO  work.ganglia.util.FileSystemUtil - Initializing file with default content: /var/folders/hq/68xf8zr13_18y558cmx_r5480000gp/T/junit-2916576489230854389/MEMORY.md
2026-04-10 16:07:52.751 [vert.x-eventloop-thread-0] INFO  work.ganglia.util.FileSystemUtil - Initializing file with default content: /var/folders/hq/68xf8zr13_18y558cmx_r5480000gp/T/junit-13896711914806064204/USER.md
2026-04-10 16:07:52.760 [vert.x-eventloop-thread-0] INFO  work.ganglia.util.FileSystemUtil - Initializing file with default content: /var/folders/hq/68xf8zr13_18y558cmx_r5480000gp/T/junit-1077703878074262297/MEMORY.md
2026-04-10 16:07:52.781 [vert.x-eventloop-thread-0] INFO  work.ganglia.util.FileSystemUtil - Initializing file with default content: /var/folders/hq/68xf8zr13_18y558cmx_r5480000gp/T/junit-2004382009395485484/MEMORY.md
2026-04-10 16:07:52.782 [vert.x-eventloop-thread-0] INFO  work.ganglia.util.FileSystemUtil - Initializing file with default content: /var/folders/hq/68xf8zr13_18y558cmx_r5480000gp/T/junit-2004382009395485484/USER.md
2026-04-10 16:07:52.794 [vert.x-eventloop-thread-0] INFO  work.ganglia.util.FileSystemUtil - Initializing file with default content: /var/folders/hq/68xf8zr13_18y558cmx_r5480000gp/T/junit-2562724734103247464/USER.md
2026-04-10 16:07:52.808 [vert.x-eventloop-thread-0] INFO  work.ganglia.util.FileSystemUtil - Creating directory: /var/folders/hq/68xf8zr13_18y558cmx_r5480000gp/T/junit-12229492314308671258/memory
2026-04-10 16:07:52.810 [vert.x-eventloop-thread-0] DEBUG work.ganglia.infrastructure.internal.memory.FileSystemDailyRecordManager - Daily record updated for session: session-1
2026-04-10 16:07:53.181 [main] INFO  work.ganglia.infrastructure.internal.memory.EventBusMemoryService - MemoryService registered on address: ganglia.memory.event
2026-04-10 16:07:53.182 [main] DEBUG work.ganglia.infrastructure.internal.memory.EventBusMemoryService - Registered MemoryModule: daily-journal
2026-04-10 16:07:53.212 [vert.x-eventloop-thread-0] DEBUG work.ganglia.infrastructure.internal.memory.EventBusMemoryService - Dispatching memory event TURN_COMPLETED for session: session-123
2026-04-10 16:07:53.221 [vert.x-eventloop-thread-0] INFO  work.ganglia.util.FileSystemUtil - Creating directory: target/test-memory
2026-04-10 16:07:53.222 [vert.x-eventloop-thread-0] DEBUG work.ganglia.infrastructure.internal.memory.FileSystemDailyRecordManager - Daily record updated for session: session-123
2026-04-10 16:07:53.222 [vert.x-eventloop-thread-0] DEBUG work.ganglia.infrastructure.internal.memory.EventBusMemoryService - Memory event TURN_COMPLETED completed for session: session-123
2026-04-10 16:07:53.318 [vert.x-eventloop-thread-0] DEBUG work.ganglia.infrastructure.internal.memory.FileSystemDailyRecordManager - Daily record updated for session: test-session
2026-04-10 16:07:53.335 [vert.x-eventloop-thread-0] DEBUG work.ganglia.infrastructure.internal.memory.FileSystemSessionStore - Session saved: s1
2026-04-10 16:07:53.337 [vert.x-eventloop-thread-0] DEBUG work.ganglia.infrastructure.internal.memory.FileSystemSessionStore - Session saved: s2
2026-04-10 16:07:53.358 [vert.x-eventloop-thread-0] DEBUG work.ganglia.infrastructure.internal.memory.FileSystemSessionStore - Session saved: s1
2026-04-10 16:07:53.360 [vert.x-eventloop-thread-0] DEBUG work.ganglia.infrastructure.internal.memory.FileSystemSessionStore - Session saved: s1
2026-04-10 16:07:53.367 [vert.x-eventloop-thread-0] DEBUG work.ganglia.infrastructure.internal.memory.FileSystemSessionStore - Session saved: s1
2026-04-10 16:07:53.368 [vert.x-eventloop-thread-0] DEBUG work.ganglia.infrastructure.internal.memory.FileSystemSessionStore - Session saved: s2
2026-04-10 16:07:53.368 [vert.x-eventloop-thread-0] DEBUG work.ganglia.infrastructure.internal.memory.FileSystemSessionStore - Session saved: s3
2026-04-10 16:07:53.375 [vert.x-eventloop-thread-0] DEBUG work.ganglia.infrastructure.internal.memory.FileSystemSessionStore - Session saved: s1
2026-04-10 16:07:53.382 [vert.x-eventloop-thread-0] DEBUG work.ganglia.infrastructure.internal.memory.FileSystemSessionStore - Session saved: s1
2026-04-10 16:07:53.391 [vert.x-eventloop-thread-0] DEBUG work.ganglia.infrastructure.internal.memory.FileSystemSessionStore - Session saved: s1
2026-04-10 16:07:53.392 [vert.x-eventloop-thread-0] DEBUG work.ganglia.infrastructure.internal.memory.FileSystemSessionStore - Session saved: s2
2026-04-10 16:07:53.401 [vert.x-eventloop-thread-0] DEBUG work.ganglia.infrastructure.internal.memory.FileSystemSessionStore - Session saved: s1
2026-04-10 16:07:53.409 [vert.x-eventloop-thread-0] DEBUG work.ganglia.infrastructure.internal.memory.FileSystemSessionStore - Session saved: s1
2026-04-10 16:07:53.420 [vert.x-eventloop-thread-0] DEBUG work.ganglia.infrastructure.internal.memory.MarkdownTimelineLedger - Appended event 1754ece9-3fa3-48b8-b9c0-15bd8a2fcc0a to timeline
2026-04-10 16:07:53.428 [vert.x-eventloop-thread-0] INFO  work.ganglia.util.FileSystemUtil - Initializing file with default content: .ganglia/memory/MEMORY.md
2026-04-10 16:07:53.433 [vert.x-eventloop-thread-0] INFO  work.ganglia.util.FileSystemUtil - Initializing file with default content: target/TEST_MEMORY.md
2026-04-10 16:07:53.439 [vert.x-eventloop-thread-0] INFO  work.ganglia.util.FileSystemUtil - Initializing file with default content: target/TEST_MEMORY.md
2026-04-10 16:07:53.446 [vert.x-eventloop-thread-0] INFO  work.ganglia.util.FileSystemUtil - Initializing file with default content: /var/folders/hq/68xf8zr13_18y558cmx_r5480000gp/T/junit-6971165106122990013/USER.md
2026-04-10 16:07:53.462 [vert.x-eventloop-thread-0] INFO  work.ganglia.util.FileSystemUtil - Initializing file with default content: /var/folders/hq/68xf8zr13_18y558cmx_r5480000gp/T/junit-10982219127036479706/USER.md
2026-04-10 16:07:53.471 [main] INFO  work.ganglia.infrastructure.internal.memory.FileSystemMemoryStore - Loaded 0 memory entries into index
2026-04-10 16:07:53.476 [vert.x-eventloop-thread-0] DEBUG work.ganglia.infrastructure.internal.memory.FileSystemMemoryStore - Stored memory entry: 1
2026-04-10 16:07:53.477 [vert.x-eventloop-thread-0] DEBUG work.ganglia.infrastructure.internal.memory.FileSystemMemoryStore - Stored memory entry: 2
2026-04-10 16:07:53.490 [main] INFO  work.ganglia.infrastructure.internal.memory.FileSystemMemoryStore - Loaded 0 memory entries into index
2026-04-10 16:07:53.492 [vert.x-eventloop-thread-0] DEBUG work.ganglia.infrastructure.internal.memory.FileSystemMemoryStore - Stored memory entry: bfe313fc-93f7-4a50-b82f-2c7b6c5985b9
2026-04-10 16:07:53.501 [main] INFO  work.ganglia.infrastructure.internal.memory.FileSystemMemoryStore - Loaded 0 memory entries into index
2026-04-10 16:07:53.502 [vert.x-eventloop-thread-0] DEBUG work.ganglia.infrastructure.internal.memory.FileSystemMemoryStore - Stored memory entry: 1
2026-04-10 16:07:53.503 [vert.x-eventloop-thread-0] DEBUG work.ganglia.infrastructure.internal.memory.FileSystemMemoryStore - Stored memory entry: 2
2026-04-10 16:07:53.516 [vert.x-eventloop-thread-0] DEBUG work.ganglia.infrastructure.internal.memory.FileSystemSessionStore - Session saved: s1
2026-04-10 16:07:53.516 [vert.x-eventloop-thread-0] DEBUG work.ganglia.infrastructure.internal.memory.SessionPersistenceModule - Session persisted: s1
2026-04-10 16:07:53.524 [vert.x-eventloop-thread-0] DEBUG work.ganglia.infrastructure.internal.memory.FileSystemSessionStore - Session saved: s1
2026-04-10 16:07:53.524 [vert.x-eventloop-thread-0] DEBUG work.ganglia.infrastructure.internal.memory.SessionPersistenceModule - Session persisted: s1
2026-04-10 16:07:53.525 [vert.x-eventloop-thread-0] DEBUG work.ganglia.infrastructure.internal.memory.FileSystemSessionStore - Session saved: s2
2026-04-10 16:07:53.525 [vert.x-eventloop-thread-0] DEBUG work.ganglia.infrastructure.internal.memory.SessionPersistenceModule - Session persisted: s2
2026-04-10 16:07:53.537 [vert.x-eventloop-thread-0] DEBUG work.ganglia.infrastructure.internal.memory.FileSystemSessionStore - Session saved: s2
2026-04-10 16:07:53.537 [vert.x-eventloop-thread-0] DEBUG work.ganglia.infrastructure.internal.memory.SessionPersistenceModule - Session persisted: s2
2026-04-10 16:07:53.549 [vert.x-eventloop-thread-0] INFO  work.ganglia.util.FileSystemUtil - Initializing file with default content: /var/folders/hq/68xf8zr13_18y558cmx_r5480000gp/T/junit-14705033489185786386/MEMORY.md
2026-04-10 16:07:53.550 [vert.x-eventloop-thread-0] INFO  work.ganglia.util.FileSystemUtil - Initializing file with default content: /var/folders/hq/68xf8zr13_18y558cmx_r5480000gp/T/junit-14705033489185786386/USER.md
2026-04-10 16:07:53.551 [vert.x-eventloop-thread-0] INFO  work.ganglia.infrastructure.internal.memory.MemoryConsolidationModule - Project memory size 241 exceeds threshold 100, nudging consolidation
2026-04-10 16:07:53.560 [vert.x-eventloop-thread-0] INFO  work.ganglia.util.FileSystemUtil - Initializing file with default content: /var/folders/hq/68xf8zr13_18y558cmx_r5480000gp/T/junit-180837420186214612/MEMORY.md
2026-04-10 16:07:53.561 [vert.x-eventloop-thread-0] INFO  work.ganglia.util.FileSystemUtil - Initializing file with default content: /var/folders/hq/68xf8zr13_18y558cmx_r5480000gp/T/junit-180837420186214612/USER.md
2026-04-10 16:07:53.562 [vert.x-eventloop-thread-0] INFO  work.ganglia.infrastructure.internal.memory.MemoryConsolidationModule - Project memory size 241 exceeds threshold 100, nudging consolidation
2026-04-10 16:07:53.570 [vert.x-eventloop-thread-0] INFO  work.ganglia.util.FileSystemUtil - Initializing file with default content: /var/folders/hq/68xf8zr13_18y558cmx_r5480000gp/T/junit-6899608828057687869/MEMORY.md
2026-04-10 16:07:53.570 [vert.x-eventloop-thread-0] INFO  work.ganglia.util.FileSystemUtil - Initializing file with default content: /var/folders/hq/68xf8zr13_18y558cmx_r5480000gp/T/junit-6899608828057687869/USER.md
2026-04-10 16:07:53.572 [vert.x-eventloop-thread-0] INFO  work.ganglia.infrastructure.internal.memory.MemoryConsolidationModule - User profile size 233 exceeds threshold 100, nudging consolidation
2026-04-10 16:07:53.577 [vert.x-eventloop-thread-0] INFO  work.ganglia.util.FileSystemUtil - Initializing file with default content: /var/folders/hq/68xf8zr13_18y558cmx_r5480000gp/T/junit-9727123816065596380/MEMORY.md
2026-04-10 16:07:53.577 [vert.x-eventloop-thread-0] INFO  work.ganglia.util.FileSystemUtil - Initializing file with default content: /var/folders/hq/68xf8zr13_18y558cmx_r5480000gp/T/junit-9727123816065596380/USER.md
2026-04-10 16:07:53.583 [vert.x-eventloop-thread-0] INFO  work.ganglia.util.FileSystemUtil - Initializing file with default content: /var/folders/hq/68xf8zr13_18y558cmx_r5480000gp/T/junit-16496401896674670615/MEMORY.md
2026-04-10 16:07:53.583 [vert.x-eventloop-thread-0] INFO  work.ganglia.util.FileSystemUtil - Initializing file with default content: /var/folders/hq/68xf8zr13_18y558cmx_r5480000gp/T/junit-16496401896674670615/USER.md
2026-04-10 16:07:53.611 [vert.x-eventloop-thread-0] INFO  work.ganglia.util.FileSystemUtil - Initializing file with default content: target/TEST_MEMORY_TOOLS.md
2026-04-10 16:07:53.618 [vert.x-eventloop-thread-0] INFO  work.ganglia.util.FileSystemUtil - Initializing file with default content: target/TEST_MEMORY_TOOLS.md
2026-04-10 16:07:53.623 [vert.x-eventloop-thread-0] INFO  work.ganglia.util.FileSystemUtil - Initializing file with default content: target/TEST_MEMORY_TOOLS.md
2026-04-10 16:32:38.470 [vert.x-eventloop-thread-0] INFO  work.ganglia.util.FileSystemUtil - Initializing file with default content: /var/folders/hq/68xf8zr13_18y558cmx_r5480000gp/T/junit-9922740783440846200/MEMORY.md
2026-04-10 16:32:38.506 [vert.x-eventloop-thread-0] INFO  work.ganglia.util.FileSystemUtil - Initializing file with default content: /var/folders/hq/68xf8zr13_18y558cmx_r5480000gp/T/junit-11278040110566073480/MEMORY.md
2026-04-10 16:32:38.515 [vert.x-eventloop-thread-0] INFO  work.ganglia.util.FileSystemUtil - Initializing file with default content: /var/folders/hq/68xf8zr13_18y558cmx_r5480000gp/T/junit-8481945365930744816/MEMORY.md
2026-04-10 16:32:38.526 [vert.x-eventloop-thread-0] INFO  work.ganglia.util.FileSystemUtil - Initializing file with default content: /var/folders/hq/68xf8zr13_18y558cmx_r5480000gp/T/junit-18078889259970073781/USER.md
2026-04-10 16:32:38.533 [vert.x-eventloop-thread-0] INFO  work.ganglia.util.FileSystemUtil - Initializing file with default content: /var/folders/hq/68xf8zr13_18y558cmx_r5480000gp/T/junit-9426430720660681710/MEMORY.md
2026-04-10 16:32:38.553 [vert.x-eventloop-thread-0] INFO  work.ganglia.util.FileSystemUtil - Initializing file with default content: /var/folders/hq/68xf8zr13_18y558cmx_r5480000gp/T/junit-13768866037893486270/MEMORY.md
2026-04-10 16:32:38.554 [vert.x-eventloop-thread-0] INFO  work.ganglia.util.FileSystemUtil - Initializing file with default content: /var/folders/hq/68xf8zr13_18y558cmx_r5480000gp/T/junit-13768866037893486270/USER.md
2026-04-10 16:32:38.565 [vert.x-eventloop-thread-0] INFO  work.ganglia.util.FileSystemUtil - Initializing file with default content: /var/folders/hq/68xf8zr13_18y558cmx_r5480000gp/T/junit-16955768802568204880/USER.md
2026-04-10 16:32:38.581 [vert.x-eventloop-thread-0] INFO  work.ganglia.util.FileSystemUtil - Creating directory: /var/folders/hq/68xf8zr13_18y558cmx_r5480000gp/T/junit-15543973435051802301/memory
2026-04-10 16:32:38.584 [vert.x-eventloop-thread-0] DEBUG work.ganglia.infrastructure.internal.memory.FileSystemDailyRecordManager - Daily record updated for session: session-1
2026-04-10 16:32:38.964 [main] INFO  work.ganglia.infrastructure.internal.memory.EventBusMemoryService - MemoryService registered on address: ganglia.memory.event
2026-04-10 16:32:38.964 [main] DEBUG work.ganglia.infrastructure.internal.memory.EventBusMemoryService - Registered MemoryModule: daily-journal
2026-04-10 16:32:38.992 [vert.x-eventloop-thread-0] DEBUG work.ganglia.infrastructure.internal.memory.EventBusMemoryService - Dispatching memory event TURN_COMPLETED for session: session-123
2026-04-10 16:32:39.000 [vert.x-eventloop-thread-0] INFO  work.ganglia.util.FileSystemUtil - Creating directory: target/test-memory
2026-04-10 16:32:39.002 [vert.x-eventloop-thread-0] DEBUG work.ganglia.infrastructure.internal.memory.FileSystemDailyRecordManager - Daily record updated for session: session-123
2026-04-10 16:32:39.002 [vert.x-eventloop-thread-0] DEBUG work.ganglia.infrastructure.internal.memory.EventBusMemoryService - Memory event TURN_COMPLETED completed for session: session-123
2026-04-10 16:32:39.097 [vert.x-eventloop-thread-0] DEBUG work.ganglia.infrastructure.internal.memory.FileSystemDailyRecordManager - Daily record updated for session: test-session
2026-04-10 16:32:39.118 [vert.x-eventloop-thread-0] DEBUG work.ganglia.infrastructure.internal.memory.FileSystemSessionStore - Session saved: s1
2026-04-10 16:32:39.120 [vert.x-eventloop-thread-0] DEBUG work.ganglia.infrastructure.internal.memory.FileSystemSessionStore - Session saved: s2
2026-04-10 16:32:39.145 [vert.x-eventloop-thread-0] DEBUG work.ganglia.infrastructure.internal.memory.FileSystemSessionStore - Session saved: s1
2026-04-10 16:32:39.146 [vert.x-eventloop-thread-0] DEBUG work.ganglia.infrastructure.internal.memory.FileSystemSessionStore - Session saved: s1
2026-04-10 16:32:39.156 [vert.x-eventloop-thread-0] DEBUG work.ganglia.infrastructure.internal.memory.FileSystemSessionStore - Session saved: s1
2026-04-10 16:32:39.157 [vert.x-eventloop-thread-0] DEBUG work.ganglia.infrastructure.internal.memory.FileSystemSessionStore - Session saved: s2
2026-04-10 16:32:39.158 [vert.x-eventloop-thread-0] DEBUG work.ganglia.infrastructure.internal.memory.FileSystemSessionStore - Session saved: s3
2026-04-10 16:32:39.166 [vert.x-eventloop-thread-0] DEBUG work.ganglia.infrastructure.internal.memory.FileSystemSessionStore - Session saved: s1
2026-04-10 16:32:39.175 [vert.x-eventloop-thread-0] DEBUG work.ganglia.infrastructure.internal.memory.FileSystemSessionStore - Session saved: s1
2026-04-10 16:32:39.184 [vert.x-eventloop-thread-0] DEBUG work.ganglia.infrastructure.internal.memory.FileSystemSessionStore - Session saved: s1
2026-04-10 16:32:39.186 [vert.x-eventloop-thread-0] DEBUG work.ganglia.infrastructure.internal.memory.FileSystemSessionStore - Session saved: s2
2026-04-10 16:32:39.194 [vert.x-eventloop-thread-0] DEBUG work.ganglia.infrastructure.internal.memory.FileSystemSessionStore - Session saved: s1
2026-04-10 16:32:39.203 [vert.x-eventloop-thread-0] DEBUG work.ganglia.infrastructure.internal.memory.FileSystemSessionStore - Session saved: s1
2026-04-10 16:32:39.216 [vert.x-eventloop-thread-0] DEBUG work.ganglia.infrastructure.internal.memory.MarkdownTimelineLedger - Appended event 1f6f7cbd-c1c2-459d-8689-2f44a9051aff to timeline
2026-04-10 16:32:39.225 [vert.x-eventloop-thread-0] INFO  work.ganglia.util.FileSystemUtil - Initializing file with default content: .ganglia/memory/MEMORY.md
2026-04-10 16:32:39.231 [vert.x-eventloop-thread-0] INFO  work.ganglia.util.FileSystemUtil - Initializing file with default content: target/TEST_MEMORY.md
2026-04-10 16:32:39.237 [vert.x-eventloop-thread-0] INFO  work.ganglia.util.FileSystemUtil - Initializing file with default content: target/TEST_MEMORY.md
2026-04-10 16:32:39.245 [vert.x-eventloop-thread-0] INFO  work.ganglia.util.FileSystemUtil - Initializing file with default content: /var/folders/hq/68xf8zr13_18y558cmx_r5480000gp/T/junit-5763832575074507631/USER.md
2026-04-10 16:32:39.267 [vert.x-eventloop-thread-0] INFO  work.ganglia.util.FileSystemUtil - Initializing file with default content: /var/folders/hq/68xf8zr13_18y558cmx_r5480000gp/T/junit-17774428736152558717/USER.md
2026-04-10 16:32:39.278 [main] INFO  work.ganglia.infrastructure.internal.memory.FileSystemMemoryStore - Loaded 0 memory entries into index
2026-04-10 16:32:39.283 [vert.x-eventloop-thread-0] DEBUG work.ganglia.infrastructure.internal.memory.FileSystemMemoryStore - Stored memory entry: 1
2026-04-10 16:32:39.284 [vert.x-eventloop-thread-0] DEBUG work.ganglia.infrastructure.internal.memory.FileSystemMemoryStore - Stored memory entry: 2
2026-04-10 16:32:39.295 [main] INFO  work.ganglia.infrastructure.internal.memory.FileSystemMemoryStore - Loaded 0 memory entries into index
2026-04-10 16:32:39.297 [vert.x-eventloop-thread-0] DEBUG work.ganglia.infrastructure.internal.memory.FileSystemMemoryStore - Stored memory entry: cb934cb9-a2a1-42af-ba56-f5a4183977c2
2026-04-10 16:32:39.304 [main] INFO  work.ganglia.infrastructure.internal.memory.FileSystemMemoryStore - Loaded 0 memory entries into index
2026-04-10 16:32:39.306 [vert.x-eventloop-thread-0] DEBUG work.ganglia.infrastructure.internal.memory.FileSystemMemoryStore - Stored memory entry: 1
2026-04-10 16:32:39.306 [vert.x-eventloop-thread-0] DEBUG work.ganglia.infrastructure.internal.memory.FileSystemMemoryStore - Stored memory entry: 2
2026-04-10 16:32:39.317 [vert.x-eventloop-thread-0] DEBUG work.ganglia.infrastructure.internal.memory.FileSystemSessionStore - Session saved: s1
2026-04-10 16:32:39.317 [vert.x-eventloop-thread-0] DEBUG work.ganglia.infrastructure.internal.memory.SessionPersistenceModule - Session persisted: s1
2026-04-10 16:32:39.325 [vert.x-eventloop-thread-0] DEBUG work.ganglia.infrastructure.internal.memory.FileSystemSessionStore - Session saved: s1
2026-04-10 16:32:39.325 [vert.x-eventloop-thread-0] DEBUG work.ganglia.infrastructure.internal.memory.SessionPersistenceModule - Session persisted: s1
2026-04-10 16:32:39.326 [vert.x-eventloop-thread-0] DEBUG work.ganglia.infrastructure.internal.memory.FileSystemSessionStore - Session saved: s2
2026-04-10 16:32:39.326 [vert.x-eventloop-thread-0] DEBUG work.ganglia.infrastructure.internal.memory.SessionPersistenceModule - Session persisted: s2
2026-04-10 16:32:39.337 [vert.x-eventloop-thread-0] DEBUG work.ganglia.infrastructure.internal.memory.FileSystemSessionStore - Session saved: s2
2026-04-10 16:32:39.337 [vert.x-eventloop-thread-0] DEBUG work.ganglia.infrastructure.internal.memory.SessionPersistenceModule - Session persisted: s2
2026-04-10 16:32:39.349 [vert.x-eventloop-thread-0] INFO  work.ganglia.util.FileSystemUtil - Initializing file with default content: /var/folders/hq/68xf8zr13_18y558cmx_r5480000gp/T/junit-15072388365051630357/MEMORY.md
2026-04-10 16:32:39.349 [vert.x-eventloop-thread-0] INFO  work.ganglia.util.FileSystemUtil - Initializing file with default content: /var/folders/hq/68xf8zr13_18y558cmx_r5480000gp/T/junit-15072388365051630357/USER.md
2026-04-10 16:32:39.351 [vert.x-eventloop-thread-0] INFO  work.ganglia.infrastructure.internal.memory.MemoryConsolidationModule - Project memory size 241 exceeds threshold 100, nudging consolidation
2026-04-10 16:32:39.360 [vert.x-eventloop-thread-0] INFO  work.ganglia.util.FileSystemUtil - Initializing file with default content: /var/folders/hq/68xf8zr13_18y558cmx_r5480000gp/T/junit-13992173394450110302/MEMORY.md
2026-04-10 16:32:39.360 [vert.x-eventloop-thread-0] INFO  work.ganglia.util.FileSystemUtil - Initializing file with default content: /var/folders/hq/68xf8zr13_18y558cmx_r5480000gp/T/junit-13992173394450110302/USER.md
2026-04-10 16:32:39.362 [vert.x-eventloop-thread-0] INFO  work.ganglia.infrastructure.internal.memory.MemoryConsolidationModule - Project memory size 241 exceeds threshold 100, nudging consolidation
2026-04-10 16:32:39.371 [vert.x-eventloop-thread-0] INFO  work.ganglia.util.FileSystemUtil - Initializing file with default content: /var/folders/hq/68xf8zr13_18y558cmx_r5480000gp/T/junit-7999070733115988776/MEMORY.md
2026-04-10 16:32:39.371 [vert.x-eventloop-thread-0] INFO  work.ganglia.util.FileSystemUtil - Initializing file with default content: /var/folders/hq/68xf8zr13_18y558cmx_r5480000gp/T/junit-7999070733115988776/USER.md
2026-04-10 16:32:39.373 [vert.x-eventloop-thread-0] INFO  work.ganglia.infrastructure.internal.memory.MemoryConsolidationModule - User profile size 233 exceeds threshold 100, nudging consolidation
2026-04-10 16:32:39.379 [vert.x-eventloop-thread-0] INFO  work.ganglia.util.FileSystemUtil - Initializing file with default content: /var/folders/hq/68xf8zr13_18y558cmx_r5480000gp/T/junit-17288150635744658593/MEMORY.md
2026-04-10 16:32:39.380 [vert.x-eventloop-thread-0] INFO  work.ganglia.util.FileSystemUtil - Initializing file with default content: /var/folders/hq/68xf8zr13_18y558cmx_r5480000gp/T/junit-17288150635744658593/USER.md
2026-04-10 16:32:39.385 [vert.x-eventloop-thread-0] INFO  work.ganglia.util.FileSystemUtil - Initializing file with default content: /var/folders/hq/68xf8zr13_18y558cmx_r5480000gp/T/junit-17841259310486971879/MEMORY.md
2026-04-10 16:32:39.386 [vert.x-eventloop-thread-0] INFO  work.ganglia.util.FileSystemUtil - Initializing file with default content: /var/folders/hq/68xf8zr13_18y558cmx_r5480000gp/T/junit-17841259310486971879/USER.md
2026-04-10 16:32:39.414 [vert.x-eventloop-thread-0] INFO  work.ganglia.util.FileSystemUtil - Initializing file with default content: target/TEST_MEMORY_TOOLS.md
2026-04-10 16:32:39.420 [vert.x-eventloop-thread-0] INFO  work.ganglia.util.FileSystemUtil - Initializing file with default content: target/TEST_MEMORY_TOOLS.md
2026-04-10 16:32:39.426 [vert.x-eventloop-thread-0] INFO  work.ganglia.util.FileSystemUtil - Initializing file with default content: target/TEST_MEMORY_TOOLS.md
2026-04-10 16:47:03.836 [vert.x-eventloop-thread-0] INFO  work.ganglia.util.FileSystemUtil - Initializing file with default content: /var/folders/hq/68xf8zr13_18y558cmx_r5480000gp/T/junit-8931469564287102943/MEMORY.md
2026-04-10 16:47:03.871 [vert.x-eventloop-thread-0] INFO  work.ganglia.util.FileSystemUtil - Initializing file with default content: /var/folders/hq/68xf8zr13_18y558cmx_r5480000gp/T/junit-6556257766753887967/MEMORY.md
2026-04-10 16:47:03.882 [vert.x-eventloop-thread-0] INFO  work.ganglia.util.FileSystemUtil - Initializing file with default content: /var/folders/hq/68xf8zr13_18y558cmx_r5480000gp/T/junit-1300715137114276845/MEMORY.md
2026-04-10 16:47:03.895 [vert.x-eventloop-thread-0] INFO  work.ganglia.util.FileSystemUtil - Initializing file with default content: /var/folders/hq/68xf8zr13_18y558cmx_r5480000gp/T/junit-2339642541033461816/USER.md
2026-04-10 16:47:03.905 [vert.x-eventloop-thread-0] INFO  work.ganglia.util.FileSystemUtil - Initializing file with default content: /var/folders/hq/68xf8zr13_18y558cmx_r5480000gp/T/junit-12635696461192226892/MEMORY.md
2026-04-10 16:47:03.930 [vert.x-eventloop-thread-0] INFO  work.ganglia.util.FileSystemUtil - Initializing file with default content: /var/folders/hq/68xf8zr13_18y558cmx_r5480000gp/T/junit-3628386237422077512/MEMORY.md
2026-04-10 16:47:03.931 [vert.x-eventloop-thread-0] INFO  work.ganglia.util.FileSystemUtil - Initializing file with default content: /var/folders/hq/68xf8zr13_18y558cmx_r5480000gp/T/junit-3628386237422077512/USER.md
2026-04-10 16:47:03.943 [vert.x-eventloop-thread-0] INFO  work.ganglia.util.FileSystemUtil - Initializing file with default content: /var/folders/hq/68xf8zr13_18y558cmx_r5480000gp/T/junit-9385095367198790880/USER.md
2026-04-10 16:47:03.959 [vert.x-eventloop-thread-0] INFO  work.ganglia.util.FileSystemUtil - Creating directory: /var/folders/hq/68xf8zr13_18y558cmx_r5480000gp/T/junit-15666505787585026626/memory
2026-04-10 16:47:03.961 [vert.x-eventloop-thread-0] DEBUG work.ganglia.infrastructure.internal.memory.FileSystemDailyRecordManager - Daily record updated for session: session-1
2026-04-10 16:47:04.316 [main] INFO  work.ganglia.infrastructure.internal.memory.EventBusMemoryService - MemoryService registered on address: ganglia.memory.event
2026-04-10 16:47:04.317 [main] DEBUG work.ganglia.infrastructure.internal.memory.EventBusMemoryService - Registered MemoryModule: daily-journal
2026-04-10 16:47:04.350 [vert.x-eventloop-thread-0] DEBUG work.ganglia.infrastructure.internal.memory.EventBusMemoryService - Dispatching memory event TURN_COMPLETED for session: session-123
2026-04-10 16:47:04.359 [vert.x-eventloop-thread-0] INFO  work.ganglia.util.FileSystemUtil - Creating directory: target/test-memory
2026-04-10 16:47:04.361 [vert.x-eventloop-thread-0] DEBUG work.ganglia.infrastructure.internal.memory.FileSystemDailyRecordManager - Daily record updated for session: session-123
2026-04-10 16:47:04.361 [vert.x-eventloop-thread-0] DEBUG work.ganglia.infrastructure.internal.memory.EventBusMemoryService - Memory event TURN_COMPLETED completed for session: session-123
2026-04-10 16:47:04.456 [vert.x-eventloop-thread-0] DEBUG work.ganglia.infrastructure.internal.memory.FileSystemDailyRecordManager - Daily record updated for session: test-session
2026-04-10 16:47:04.473 [vert.x-eventloop-thread-0] DEBUG work.ganglia.infrastructure.internal.memory.FileSystemSessionStore - Session saved: s1
2026-04-10 16:47:04.475 [vert.x-eventloop-thread-0] DEBUG work.ganglia.infrastructure.internal.memory.FileSystemSessionStore - Session saved: s2
2026-04-10 16:47:04.497 [vert.x-eventloop-thread-0] DEBUG work.ganglia.infrastructure.internal.memory.FileSystemSessionStore - Session saved: s1
2026-04-10 16:47:04.499 [vert.x-eventloop-thread-0] DEBUG work.ganglia.infrastructure.internal.memory.FileSystemSessionStore - Session saved: s1
2026-04-10 16:47:04.506 [vert.x-eventloop-thread-0] DEBUG work.ganglia.infrastructure.internal.memory.FileSystemSessionStore - Session saved: s1
2026-04-10 16:47:04.507 [vert.x-eventloop-thread-0] DEBUG work.ganglia.infrastructure.internal.memory.FileSystemSessionStore - Session saved: s2
2026-04-10 16:47:04.508 [vert.x-eventloop-thread-0] DEBUG work.ganglia.infrastructure.internal.memory.FileSystemSessionStore - Session saved: s3
2026-04-10 16:47:04.515 [vert.x-eventloop-thread-0] DEBUG work.ganglia.infrastructure.internal.memory.FileSystemSessionStore - Session saved: s1
2026-04-10 16:47:04.522 [vert.x-eventloop-thread-0] DEBUG work.ganglia.infrastructure.internal.memory.FileSystemSessionStore - Session saved: s1
2026-04-10 16:47:04.529 [vert.x-eventloop-thread-0] DEBUG work.ganglia.infrastructure.internal.memory.FileSystemSessionStore - Session saved: s1
2026-04-10 16:47:04.530 [vert.x-eventloop-thread-0] DEBUG work.ganglia.infrastructure.internal.memory.FileSystemSessionStore - Session saved: s2
2026-04-10 16:47:04.537 [vert.x-eventloop-thread-0] DEBUG work.ganglia.infrastructure.internal.memory.FileSystemSessionStore - Session saved: s1
2026-04-10 16:47:04.545 [vert.x-eventloop-thread-0] DEBUG work.ganglia.infrastructure.internal.memory.FileSystemSessionStore - Session saved: s1
2026-04-10 16:47:04.556 [vert.x-eventloop-thread-0] DEBUG work.ganglia.infrastructure.internal.memory.MarkdownTimelineLedger - Appended event 373c3c90-797f-4a19-9970-3176c9fcfeea to timeline
2026-04-10 16:47:04.563 [vert.x-eventloop-thread-0] INFO  work.ganglia.util.FileSystemUtil - Initializing file with default content: .ganglia/memory/MEMORY.md
2026-04-10 16:47:04.569 [vert.x-eventloop-thread-0] INFO  work.ganglia.util.FileSystemUtil - Initializing file with default content: target/TEST_MEMORY.md
2026-04-10 16:47:04.575 [vert.x-eventloop-thread-0] INFO  work.ganglia.util.FileSystemUtil - Initializing file with default content: target/TEST_MEMORY.md
2026-04-10 16:47:04.582 [vert.x-eventloop-thread-0] INFO  work.ganglia.util.FileSystemUtil - Initializing file with default content: /var/folders/hq/68xf8zr13_18y558cmx_r5480000gp/T/junit-17886869242527967911/USER.md
2026-04-10 16:47:04.603 [vert.x-eventloop-thread-0] INFO  work.ganglia.util.FileSystemUtil - Initializing file with default content: /var/folders/hq/68xf8zr13_18y558cmx_r5480000gp/T/junit-7916672803796951622/USER.md
2026-04-10 16:47:04.614 [main] INFO  work.ganglia.infrastructure.internal.memory.FileSystemMemoryStore - Loaded 0 memory entries into index
2026-04-10 16:47:04.619 [vert.x-eventloop-thread-0] DEBUG work.ganglia.infrastructure.internal.memory.FileSystemMemoryStore - Stored memory entry: 1
2026-04-10 16:47:04.620 [vert.x-eventloop-thread-0] DEBUG work.ganglia.infrastructure.internal.memory.FileSystemMemoryStore - Stored memory entry: 2
2026-04-10 16:47:04.632 [main] INFO  work.ganglia.infrastructure.internal.memory.FileSystemMemoryStore - Loaded 0 memory entries into index
2026-04-10 16:47:04.635 [vert.x-eventloop-thread-0] DEBUG work.ganglia.infrastructure.internal.memory.FileSystemMemoryStore - Stored memory entry: 3485111e-768b-408a-a3de-704d503b5a42
2026-04-10 16:47:04.644 [main] INFO  work.ganglia.infrastructure.internal.memory.FileSystemMemoryStore - Loaded 0 memory entries into index
2026-04-10 16:47:04.646 [vert.x-eventloop-thread-0] DEBUG work.ganglia.infrastructure.internal.memory.FileSystemMemoryStore - Stored memory entry: 1
2026-04-10 16:47:04.647 [vert.x-eventloop-thread-0] DEBUG work.ganglia.infrastructure.internal.memory.FileSystemMemoryStore - Stored memory entry: 2
2026-04-10 16:47:04.660 [vert.x-eventloop-thread-0] DEBUG work.ganglia.infrastructure.internal.memory.FileSystemSessionStore - Session saved: s1
2026-04-10 16:47:04.660 [vert.x-eventloop-thread-0] DEBUG work.ganglia.infrastructure.internal.memory.SessionPersistenceModule - Session persisted: s1
2026-04-10 16:47:04.671 [vert.x-eventloop-thread-0] DEBUG work.ganglia.infrastructure.internal.memory.FileSystemSessionStore - Session saved: s1
2026-04-10 16:47:04.671 [vert.x-eventloop-thread-0] DEBUG work.ganglia.infrastructure.internal.memory.SessionPersistenceModule - Session persisted: s1
2026-04-10 16:47:04.672 [vert.x-eventloop-thread-0] DEBUG work.ganglia.infrastructure.internal.memory.FileSystemSessionStore - Session saved: s2
2026-04-10 16:47:04.672 [vert.x-eventloop-thread-0] DEBUG work.ganglia.infrastructure.internal.memory.SessionPersistenceModule - Session persisted: s2
2026-04-10 16:47:04.691 [vert.x-eventloop-thread-0] DEBUG work.ganglia.infrastructure.internal.memory.FileSystemSessionStore - Session saved: s2
2026-04-10 16:47:04.691 [vert.x-eventloop-thread-0] DEBUG work.ganglia.infrastructure.internal.memory.SessionPersistenceModule - Session persisted: s2
2026-04-10 16:47:04.707 [vert.x-eventloop-thread-0] INFO  work.ganglia.util.FileSystemUtil - Initializing file with default content: /var/folders/hq/68xf8zr13_18y558cmx_r5480000gp/T/junit-8866849177245697682/MEMORY.md
2026-04-10 16:47:04.707 [vert.x-eventloop-thread-0] INFO  work.ganglia.util.FileSystemUtil - Initializing file with default content: /var/folders/hq/68xf8zr13_18y558cmx_r5480000gp/T/junit-8866849177245697682/USER.md
2026-04-10 16:47:04.709 [vert.x-eventloop-thread-0] INFO  work.ganglia.infrastructure.internal.memory.MemoryConsolidationModule - Project memory size 241 exceeds threshold 100, nudging consolidation
2026-04-10 16:47:04.719 [vert.x-eventloop-thread-0] INFO  work.ganglia.util.FileSystemUtil - Initializing file with default content: /var/folders/hq/68xf8zr13_18y558cmx_r5480000gp/T/junit-14403924743143339179/MEMORY.md
2026-04-10 16:47:04.720 [vert.x-eventloop-thread-0] INFO  work.ganglia.util.FileSystemUtil - Initializing file with default content: /var/folders/hq/68xf8zr13_18y558cmx_r5480000gp/T/junit-14403924743143339179/USER.md
2026-04-10 16:47:04.721 [vert.x-eventloop-thread-0] INFO  work.ganglia.infrastructure.internal.memory.MemoryConsolidationModule - Project memory size 241 exceeds threshold 100, nudging consolidation
2026-04-10 16:47:04.733 [vert.x-eventloop-thread-0] INFO  work.ganglia.util.FileSystemUtil - Initializing file with default content: /var/folders/hq/68xf8zr13_18y558cmx_r5480000gp/T/junit-269538915492641391/MEMORY.md
2026-04-10 16:47:04.733 [vert.x-eventloop-thread-0] INFO  work.ganglia.util.FileSystemUtil - Initializing file with default content: /var/folders/hq/68xf8zr13_18y558cmx_r5480000gp/T/junit-269538915492641391/USER.md
2026-04-10 16:47:04.736 [vert.x-eventloop-thread-0] INFO  work.ganglia.infrastructure.internal.memory.MemoryConsolidationModule - User profile size 233 exceeds threshold 100, nudging consolidation
2026-04-10 16:47:04.744 [vert.x-eventloop-thread-0] INFO  work.ganglia.util.FileSystemUtil - Initializing file with default content: /var/folders/hq/68xf8zr13_18y558cmx_r5480000gp/T/junit-13870652420324859668/MEMORY.md
2026-04-10 16:47:04.745 [vert.x-eventloop-thread-0] INFO  work.ganglia.util.FileSystemUtil - Initializing file with default content: /var/folders/hq/68xf8zr13_18y558cmx_r5480000gp/T/junit-13870652420324859668/USER.md
2026-04-10 16:47:04.751 [vert.x-eventloop-thread-0] INFO  work.ganglia.util.FileSystemUtil - Initializing file with default content: /var/folders/hq/68xf8zr13_18y558cmx_r5480000gp/T/junit-4031699646741608168/MEMORY.md
2026-04-10 16:47:04.752 [vert.x-eventloop-thread-0] INFO  work.ganglia.util.FileSystemUtil - Initializing file with default content: /var/folders/hq/68xf8zr13_18y558cmx_r5480000gp/T/junit-4031699646741608168/USER.md
2026-04-10 16:47:04.787 [vert.x-eventloop-thread-0] INFO  work.ganglia.util.FileSystemUtil - Initializing file with default content: target/TEST_MEMORY_TOOLS.md
2026-04-10 16:47:04.796 [vert.x-eventloop-thread-0] INFO  work.ganglia.util.FileSystemUtil - Initializing file with default content: target/TEST_MEMORY_TOOLS.md
2026-04-10 16:47:04.805 [vert.x-eventloop-thread-0] INFO  work.ganglia.util.FileSystemUtil - Initializing file with default content: target/TEST_MEMORY_TOOLS.md
